[2021-11-12T00:42:12.546] [INFO] info - SERVER UP 8080
[2021-11-12T00:44:22.302] [INFO] info - SERVER UP 8080
[2021-11-12T00:46:50.907] [INFO] info - SERVER UP 8080
[2021-11-12T00:56:33.585] [INFO] info - SERVER UP 8080
[2021-11-12T00:58:23.823] [INFO] info - SERVER UP 8080
[2021-11-12T01:00:53.056] [INFO] info - SERVER UP 8080
[2021-11-12T19:59:19.630] [INFO] info - SERVER UP 8080
[2021-11-12T20:06:31.438] [INFO] info - SERVER UP 8080
[2021-11-12T20:07:10.501] [INFO] info - SERVER UP 8080
[2021-11-12T20:25:13.508] [INFO] info - SERVER UP 8080
[2021-11-12T20:29:06.006] [INFO] info - SERVER UP 8080
[2021-11-12T20:34:04.264] [INFO] info - SERVER UP 8080
[2021-11-12T20:34:41.215] [INFO] info - SERVER UP 8080
[2021-11-12T20:36:36.547] [INFO] info - SERVER UP 8080
[2021-11-12T20:36:40.106] [INFO] info - Error en usuario y/o contraseña
[2021-11-12T20:37:10.972] [INFO] info - SERVER UP 8080
[2021-11-12T20:37:22.484] [INFO] info - SERVER UP 8080
[2021-11-12T20:38:33.940] [INFO] info - SERVER UP 8080
[2021-11-12T20:38:52.449] [INFO] info - SERVER UP 8080
[2021-11-12T20:39:03.662] [INFO] info - SERVER UP 8080
[2021-11-12T20:40:10.595] [INFO] info - SERVER UP 8080
[2021-11-12T20:40:22.991] [INFO] info - SERVER UP 8080
[2021-11-12T20:40:37.313] [INFO] info - SERVER UP 8080
[2021-11-12T20:43:02.069] [INFO] info - SERVER UP 8080
[2021-11-12T20:43:04.046] [INFO] info - SERVER UP 8080
[2021-11-12T20:43:19.130] [INFO] info - SERVER UP 8080
[2021-11-12T20:57:43.905] [INFO] info - SERVER UP 8080
[2021-11-12T20:57:53.809] [INFO] info - Error en usuario y/o contraseña
[2021-11-13T23:15:57.317] [INFO] info - SERVER UP 8080
[2021-11-13T23:19:58.437] [INFO] info - SERVER UP 8080
[2021-11-13T23:21:18.479] [INFO] info - User log ignaciokakazuuuu@gmail.com
[2021-11-13T23:22:01.722] [INFO] info - SERVER UP 8080
[2021-11-13T23:22:16.362] [INFO] info - e.message
[2021-11-13T23:22:27.340] [INFO] info - e.message
[2021-11-13T23:23:32.095] [INFO] info - SERVER UP 8080
[2021-11-13T23:23:38.537] [INFO] info - Error en confirmación de password
[2021-11-13T23:24:56.707] [INFO] info - SERVER UP 8080
[2021-11-13T23:25:03.455] [INFO] info - Error en confirmación de password
[2021-11-13T23:25:37.731] [INFO] info - Error en confirmación de password
[2021-11-13T23:26:53.702] [INFO] info - SERVER UP 8080
[2021-11-13T23:26:53.755] [INFO] info - Error en confirmación de password
[2021-11-13T23:27:25.238] [INFO] info - SERVER UP 8080
[2021-11-13T23:27:26.908] [INFO] info - Error en confirmación de password
[2021-11-13T23:27:37.359] [INFO] info - User log ignaciokakazua@gmail.com
[2021-11-13T23:27:37.361] [INFO] info - Usuario ignaciokakazua@gmail.com dado de alta Sat Nov 13 2021 23:27:37 GMT-0300 (hora estándar de Argentina)
[2021-11-13T23:27:37.481] [INFO] info - New user [object Object]
[2021-11-13T23:27:40.455] [INFO] info - User log ignaciokakazua@gmail.com
[2021-11-13T23:27:40.456] [INFO] info - Usuario ignaciokakazua@gmail.com dado de alta Sat Nov 13 2021 23:27:40 GMT-0300 (hora estándar de Argentina)
[2021-11-13T23:27:40.598] [INFO] info - New user [object Object]
[2021-11-13T23:30:15.449] [INFO] info - SERVER UP 8080
[2021-11-13T23:30:19.360] [INFO] info - User log ignaciokakazua@gmail.com
[2021-11-13T23:30:19.361] [INFO] info - Usuario ignaciokakazua@gmail.com dado de alta Sat Nov 13 2021 23:30:19 GMT-0300 (hora estándar de Argentina)
[2021-11-13T23:30:19.475] [INFO] info - New user [object Object]
[2021-11-13T23:31:55.616] [INFO] info - SERVER UP 8080
[2021-11-13T23:32:27.810] [INFO] info - User log ignaciokakazu@gmail.com
[2021-11-13T23:32:27.812] [INFO] info - Error. Usuario existente
[2021-11-13T23:32:59.892] [INFO] info - User log ignaciokakazu@gmail.com
[2021-11-13T23:33:00.000] [INFO] info - Error en usuario y/o contraseña
[2021-11-14T00:30:17.936] [INFO] info - SERVER UP 8080
[2021-11-14T01:04:35.926] [INFO] info - SERVER UP 8080
[2021-11-14T01:09:09.838] [INFO] info - SERVER UP 8080
[2021-11-14T01:10:52.842] [INFO] info - SERVER UP 8080
[2021-11-14T01:11:42.461] [INFO] info - SERVER UP 8080
[2021-11-14T01:21:04.276] [INFO] info - SERVER UP 8080
[2021-11-14T02:03:58.829] [INFO] info - SERVER UP 8080
[2021-11-14T02:09:30.971] [INFO] info - SERVER UP 8080
[2021-11-14T02:14:13.787] [INFO] info - SERVER UP 8080
[2021-11-14T02:14:39.436] [INFO] info - SERVER UP 8080
[2021-11-14T02:16:31.399] [INFO] info - SERVER UP 8080
[2021-11-14T02:18:22.080] [INFO] info - SERVER UP 8080
[2021-11-14T02:18:47.183] [INFO] info - SERVER UP 8080
[2021-11-14T02:23:37.747] [INFO] info - SERVER UP 8080
[2021-11-14T02:25:13.543] [INFO] info - SERVER UP 8080
[2021-11-14T02:26:31.673] [INFO] info - SERVER UP 8080
[2021-11-14T02:28:10.996] [INFO] info - SERVER UP 8080
[2021-11-14T02:29:18.925] [INFO] info - SERVER UP 8080
[2021-11-14T02:30:29.204] [INFO] info - SERVER UP 8080
[2021-11-14T02:45:57.087] [INFO] info - SERVER UP 8080
[2021-11-14T02:48:09.054] [INFO] info - SERVER UP 8080
[2021-11-14T03:25:01.803] [INFO] info - SERVER UP 8080
[2021-11-14T10:50:42.220] [INFO] info - SERVER UP 8080
[2021-11-14T11:19:34.567] [INFO] info - SERVER UP 8080
[2021-11-14T11:21:10.923] [INFO] info - SERVER UP 8080
[2021-11-14T11:21:23.983] [INFO] info - User log ignaciokakazu@gmail.com
[2021-11-14T11:31:34.584] [INFO] info - SERVER UP 8080
[2021-11-14T11:37:31.060] [INFO] info - User log ignaciokakazu@gmail.com
[2021-11-14T11:37:31.063] [WARN] info - Login Fail for username ${username}: Password is not valid
[2021-11-14T11:37:41.053] [INFO] info - User log ignaciokakazu@gmail.com
[2021-11-14T11:37:41.054] [WARN] info - Login Fail for username ${username}: Password is not valid
[2021-11-14T11:42:09.960] [INFO] info - User log ignaciokakazu@gmail.com
[2021-11-14T11:42:09.961] [WARN] info - Login Fail for username ${username}: Password is not valid
[2021-11-14T11:43:02.120] [INFO] info - User log ignaciokakazu@gmail.com
[2021-11-14T11:43:02.121] [WARN] info - Login Fail for username ${username}: Password is not valid
[2021-11-14T12:03:56.005] [INFO] info - SERVER UP 8080
[2021-11-14T12:05:02.117] [INFO] info - User log ignaciokakazu@gmail.com
[2021-11-14T12:05:02.119] [WARN] info - Login Fail for username ${username}: Password is not valid
[2021-11-14T12:05:09.769] [INFO] info - User log ignaciokakazu@gmail.com
[2021-11-14T12:05:09.770] [WARN] info - Login Fail for username ${username}: Password is not valid
[2021-11-14T12:09:55.250] [INFO] info - SERVER UP 8080
[2021-11-14T12:09:59.466] [INFO] info - User log ignaciokakazu@gmail.com
[2021-11-14T12:09:59.468] [WARN] info - Signup Fail for username ignaciokakazu@gmail.com: Username or email already exists
[2021-11-14T12:11:16.547] [INFO] info - SERVER UP 8080
[2021-11-14T12:11:22.991] [INFO] info - User log ignaciokakazu@gmail.com
[2021-11-14T12:11:22.994] [WARN] info - Login Fail for username ${username}: Password is not valid
[2021-11-14T12:11:27.316] [INFO] info - User log ignaciokakazu@gmail.com
[2021-11-14T12:11:27.317] [WARN] info - Login Fail for username ${username}: Password is not valid
[2021-11-14T12:11:58.874] [INFO] info - SERVER UP 8080
[2021-11-14T12:12:17.873] [INFO] info - User log ignaciokakazu@gmail.com
[2021-11-14T12:12:17.877] [WARN] info - Login Fail for username ${username}: Password is not valid
[2021-11-14T12:13:21.737] [INFO] info - User log ignaciokakazu@gmail.com
[2021-11-14T12:13:21.740] [WARN] info - Login Fail for username ${username}: Password is not valid
[2021-11-14T12:13:35.871] [INFO] info - User log ignaciokakazu@gmail.com
[2021-11-14T12:13:35.873] [WARN] info - Login Fail for username ${username}: Password is not valid
[2021-11-14T12:14:39.176] [INFO] info - SERVER UP 8080
[2021-11-14T12:15:18.645] [INFO] info - SERVER UP 8080
[2021-11-14T12:15:22.976] [INFO] info - User log ignaciokakazu@gmail.com
[2021-11-14T12:15:22.981] [WARN] info - Login Fail for username ${username}: Password is not valid
[2021-11-14T12:17:19.689] [INFO] info - SERVER UP 8080
[2021-11-14T12:17:24.821] [INFO] info - User log ignaciokakazu@gmail.com
[2021-11-14T12:17:24.827] [WARN] info - Login Fail for username ${username}: Password is not valid
[2021-11-14T12:18:19.924] [INFO] info - SERVER UP 8080
[2021-11-14T12:18:25.126] [INFO] info - User log ignaciokakazu@gmail.com
[2021-11-14T12:18:25.132] [WARN] info - Login Fail for username ${username}: Password is not valid
[2021-11-14T12:19:09.870] [INFO] info - SERVER UP 8080
[2021-11-14T12:19:31.218] [INFO] info - SERVER UP 8080
[2021-11-14T12:19:39.718] [INFO] info - User log ignaciokakazu@gmail.com
[2021-11-14T12:19:39.726] [WARN] info - Login Fail for username ${username}: Password is not valid
[2021-11-14T12:20:58.045] [INFO] info - SERVER UP 8080
[2021-11-14T12:21:02.080] [INFO] info - User log ignaciokakazu@gmail.com
[2021-11-14T12:21:02.090] [WARN] info - Login Fail for username ${username}: Password is not valid
[2021-11-14T12:25:06.876] [INFO] info - SERVER UP 8080
[2021-11-14T12:25:19.633] [INFO] info - User log ignaciokakazu@gmail.com
[2021-11-14T12:25:19.642] [WARN] info - Login Fail for username ${username}: Password is not valid
[2021-11-14T12:25:49.191] [INFO] info - SERVER UP 8080
[2021-11-14T12:25:53.298] [INFO] info - User log ignaciokakazu@gmail.com
[2021-11-14T12:25:53.302] [WARN] info - Login Fail for username ${username}: Password is not valid
[2021-11-14T12:26:34.585] [INFO] info - SERVER UP 8080
[2021-11-14T12:26:39.472] [INFO] info - User log ignaciokakazu@gmail.com
[2021-11-14T12:26:39.482] [WARN] info - Login Fail for username ${username}: Password is not valid
[2021-11-14T12:27:09.631] [INFO] info - SERVER UP 8080
[2021-11-14T12:27:13.693] [INFO] info - User log ignaciokakazu@gmail.com
[2021-11-14T12:27:13.702] [WARN] info - Login Fail for username ${username}: Password is not valid
[2021-11-14T12:30:24.020] [INFO] info - SERVER UP 8080
[2021-11-14T12:30:28.109] [INFO] info - User log ignaciokakazu@gmail.com
[2021-11-14T12:30:28.118] [WARN] info - Login Fail for username ${username}: Password is not valid
[2021-11-14T12:30:50.847] [INFO] info - SERVER UP 8080
[2021-11-14T12:30:54.927] [INFO] info - User log ignaciokakazu@gmail.com
[2021-11-14T12:30:54.935] [WARN] info - Login Fail for username ${username}: Password is not valid
[2021-11-14T12:31:34.731] [INFO] info - User log ignaciokakazuaa@gmail.com
[2021-11-14T12:31:34.733] [INFO] info - Usuario ignaciokakazuaa@gmail.com dado de alta Sun Nov 14 2021 12:31:34 GMT-0300 (hora estándar de Argentina)
[2021-11-14T12:31:38.499] [INFO] info - User log ignaciokakazuaa@gmail.com
[2021-11-14T12:31:38.499] [INFO] info - Usuario ignaciokakazuaa@gmail.com dado de alta Sun Nov 14 2021 12:31:38 GMT-0300 (hora estándar de Argentina)
[2021-11-14T12:31:49.958] [INFO] info - User log ignaciokakazuaa@gmail.com
[2021-11-14T12:31:49.959] [WARN] info - Login Fail for username ignaciokakazuaa@gmail.com: User does not exist
[2021-11-14T12:33:31.056] [INFO] info - SERVER UP 8080
[2021-11-14T12:39:38.030] [INFO] info - User log ignaciokakazuaa@gmail.com
[2021-11-14T12:39:38.032] [WARN] info - Login Fail for username ignaciokakazuaa@gmail.com: User does not exist
[2021-11-14T12:49:47.375] [INFO] info - SERVER UP 8080
[2021-11-14T12:50:46.269] [INFO] info - SERVER UP 8080
[2021-11-14T12:52:23.224] [INFO] info - SERVER UP 8080
[2021-11-14T12:53:56.479] [INFO] info - SERVER UP 8080
[2021-11-14T12:54:01.547] [INFO] info - User log ignaciokakazu@gmail.com
[2021-11-14T12:54:01.556] [WARN] info - Login Fail for username ${username}: Password is not valid
[2021-11-14T12:54:03.081] [INFO] info - User log ignaciokakazu@gmail.com
[2021-11-14T12:54:03.086] [WARN] info - Login Fail for username ${username}: Password is not valid
[2021-11-14T12:54:11.760] [INFO] info - User log ignaciokakazu@gmail.com
[2021-11-14T12:54:11.761] [INFO] info - Error. Usuario existente
[2021-11-14T12:54:17.873] [INFO] info - User log ignaciokakazu@gmail.com
[2021-11-14T12:54:17.873] [INFO] info - Error. Usuario existente
[2021-11-14T12:54:23.949] [INFO] info - User log ignaciokakazu1@gmail.com
[2021-11-14T12:54:23.951] [INFO] info - Usuario ignaciokakazu1@gmail.com dado de alta Sun Nov 14 2021 12:54:23 GMT-0300 (hora estándar de Argentina)
[2021-11-14T12:56:04.729] [INFO] info - SERVER UP 8080
[2021-11-14T12:56:20.517] [INFO] info - User log ignaciokakazu1@gmail.com
[2021-11-14T12:56:20.520] [INFO] info - Usuario ignaciokakazu1@gmail.com dado de alta Sun Nov 14 2021 12:56:20 GMT-0300 (hora estándar de Argentina)
[2021-11-14T12:56:20.636] [INFO] info - New user [object Object]
[2021-11-14T12:56:48.054] [INFO] info - User log ignaciokakazu1@gmail.com
[2021-11-14T12:56:48.063] [WARN] info - Login Fail for username ${username}: Password is not valid
[2021-11-14T12:57:16.208] [INFO] info - User log ignaciokakazu@gmail.com
[2021-11-14T12:57:16.209] [INFO] info - Error. Usuario existente
[2021-11-14T12:57:24.789] [INFO] info - User log ignaciokakazu1@gmail.com
[2021-11-14T12:57:24.794] [WARN] info - Login Fail for username ${username}: Password is not valid
[2021-11-14T12:59:39.460] [INFO] info - SERVER UP 8080
[2021-11-14T12:59:43.555] [INFO] info - User log ignaciokakazu1@gmail.com
[2021-11-14T12:59:43.564] [WARN] info - Login Fail for username ${username}: Password is not valid
[2021-11-14T12:59:50.637] [INFO] info - User log ignaciokakazu1@gmail.com
[2021-11-14T12:59:50.643] [WARN] info - Login Fail for username ${username}: Password is not valid
[2021-11-14T12:59:55.968] [INFO] info - User log ignaciokakazu1@gmail.com
[2021-11-14T12:59:55.974] [WARN] info - Login Fail for username ${username}: Password is not valid
[2021-11-14T13:00:57.198] [INFO] info - SERVER UP 8080
[2021-11-14T13:01:01.600] [INFO] info - User log ignaciokakazu1@gmail.com
[2021-11-14T13:01:01.610] [WARN] info - Login Fail for username ${username}: Password is not valid
[2021-11-14T13:02:28.611] [INFO] info - SERVER UP 8080
[2021-11-14T13:02:34.093] [INFO] info - User log ignaciokakazu1@gmail.com
[2021-11-14T13:02:34.313] [INFO] info - User ignaciokakazu1@gmail.com logged in at Sun Nov 14 2021 13:02:34 GMT-0300 (hora estándar de Argentina)
[2021-11-14T13:03:22.087] [INFO] info - SERVER UP 8080
[2021-11-14T13:03:26.036] [INFO] info - User log ignaciokakazu1@gmail.com
[2021-11-14T13:03:26.232] [WARN] info - Login Fail for username ${username}: Password is not valid
[2021-11-14T13:03:43.907] [INFO] info - User log ignaciokakazu1@gmail.com
[2021-11-14T13:03:44.100] [WARN] info - Login Fail for username ${username}: Password is not valid
[2021-11-14T13:04:16.353] [INFO] info - SERVER UP 8080
[2021-11-14T13:04:20.463] [INFO] info - User log ignaciokakazu1@gmail.com
[2021-11-14T13:04:20.664] [WARN] info - Login Fail for username ${username}: Password is not valid
[2021-11-14T13:04:28.269] [INFO] info - User log ignaciokakazu1@gmail.com
[2021-11-14T13:04:28.474] [WARN] info - Login Fail for username ${username}: Password is not valid
[2021-11-14T13:05:17.149] [INFO] info - SERVER UP 8080
[2021-11-14T13:05:53.819] [INFO] info - SERVER UP 8080
[2021-11-14T13:05:59.152] [INFO] info - User log ignaciokakazu1@gmail.com
[2021-11-14T13:05:59.484] [WARN] info - Login Fail for username ${username}: Password is not valid
[2021-11-14T13:06:47.143] [INFO] info - SERVER UP 8080
[2021-11-14T13:06:51.359] [INFO] info - User log ignaciokakazu1@gmail.com
[2021-11-14T13:06:51.679] [WARN] info - Login Fail for username ${username}: Password is not valid
[2021-11-14T13:07:07.277] [INFO] info - User log ignaciokakazu1@gmail.com
[2021-11-14T13:07:07.593] [INFO] info - User ignaciokakazu1@gmail.com logged in at Sun Nov 14 2021 13:07:07 GMT-0300 (hora estándar de Argentina)
[2021-11-14T13:07:19.770] [INFO] info - User log ignaciokakazu1@gmail.com
[2021-11-14T13:07:20.088] [INFO] info - User ignaciokakazu1@gmail.com logged in at Sun Nov 14 2021 13:07:20 GMT-0300 (hora estándar de Argentina)
[2021-11-14T13:08:10.149] [INFO] info - User log ignaciokakazu1@gmail.com
[2021-11-14T13:08:10.473] [WARN] info - Login Fail for username ${username}: Password is not valid
[2021-11-14T20:42:20.093] [INFO] info - SERVER UP 8080
[2021-11-14T20:43:46.683] [INFO] info - User log ignaciokakazu@gmail.com
[2021-11-14T20:43:47.129] [WARN] info - Login Fail for username ${username}: Password is not valid
[2021-11-14T20:44:09.629] [INFO] info - User log ignaciokakazu@gmail.com
[2021-11-14T20:44:09.909] [WARN] info - Login Fail for username ${username}: Password is not valid
[2021-11-14T20:44:20.629] [INFO] info - User log ignaciokakazu1@gmail.com
[2021-11-14T20:44:20.925] [INFO] info - User ignaciokakazu1@gmail.com logged in at Sun Nov 14 2021 20:44:20 GMT-0300 (hora estándar de Argentina)
[2021-11-14T20:45:16.429] [INFO] info - SERVER UP 8080
[2021-11-14T20:46:33.489] [INFO] info - SERVER UP 8080
[2021-11-14T20:46:54.405] [INFO] info - User log ignaciokakazu1@gmail.com
[2021-11-14T20:46:54.688] [INFO] info - User ignaciokakazu1@gmail.com logged in at Sun Nov 14 2021 20:46:54 GMT-0300 (hora estándar de Argentina)
[2021-11-14T20:48:24.235] [INFO] info - SERVER UP 8080
[2021-11-14T20:48:31.129] [INFO] info - User log ignaciokakazu1@gmail.com
[2021-11-14T20:48:31.437] [INFO] info - User ignaciokakazu1@gmail.com logged in at Sun Nov 14 2021 20:48:31 GMT-0300 (hora estándar de Argentina)
[2021-11-14T20:51:37.246] [INFO] info - SERVER UP 8080
[2021-11-14T20:52:46.930] [INFO] info - User log ignaciokakazu1@gmail.com
[2021-11-14T20:52:47.211] [INFO] info - User ignaciokakazu1@gmail.com logged in at Sun Nov 14 2021 20:52:47 GMT-0300 (hora estándar de Argentina)
[2021-11-14T21:08:22.751] [INFO] info - SERVER UP 8080
[2021-11-14T21:12:00.038] [INFO] info - SERVER UP 8080
[2021-11-14T21:12:34.633] [INFO] info - User log ignaciokakazu1@gmail.com
[2021-11-14T21:12:34.967] [INFO] info - User ignaciokakazu1@gmail.com logged in at Sun Nov 14 2021 21:12:34 GMT-0300 (hora estándar de Argentina)
[2021-11-14T21:44:32.553] [INFO] info - User log ignaciokakazu1@gmail.com
[2021-11-14T21:44:32.904] [INFO] info - User ignaciokakazu1@gmail.com logged in at Sun Nov 14 2021 21:44:32 GMT-0300 (hora estándar de Argentina)
[2021-11-14T21:53:47.359] [INFO] info - SERVER UP 8080
[2021-11-14T21:53:57.737] [INFO] info - User log ignaciokakazu1@gmail.com
[2021-11-14T21:53:58.090] [INFO] info - User ignaciokakazu1@gmail.com logged in at Sun Nov 14 2021 21:53:58 GMT-0300 (hora estándar de Argentina)
[2021-11-14T21:54:46.820] [INFO] info - User log ignaciokakazu1@gmail.com
[2021-11-14T21:54:47.158] [WARN] info - Login Fail for username ${username}: Password is not valid
[2021-11-14T21:55:22.016] [INFO] info - SERVER UP 8080
[2021-11-14T21:56:16.867] [INFO] info - SERVER UP 8080
[2021-11-14T21:56:22.592] [INFO] info - User log ignaciokakazu1@gmail.com
[2021-11-14T21:56:22.905] [WARN] info - Login Fail for username ${username}: Password is not valid
[2021-11-14T21:56:33.018] [INFO] info - User log ignaciokakazu1@gmail.com
[2021-11-14T21:56:33.338] [INFO] info - User ignaciokakazu1@gmail.com logged in at Sun Nov 14 2021 21:56:33 GMT-0300 (hora estándar de Argentina)
[2021-11-14T21:57:34.834] [INFO] info - User log ignaciokakazu1@gmail.com
[2021-11-14T21:57:35.155] [INFO] info - User ignaciokakazu1@gmail.com logged in at Sun Nov 14 2021 21:57:35 GMT-0300 (hora estándar de Argentina)
[2021-11-14T21:59:04.275] [INFO] info - SERVER UP 8080
[2021-11-14T21:59:08.407] [INFO] info - User log ignaciokakazu1@gmail.com
[2021-11-14T21:59:08.716] [INFO] info - User ignaciokakazu1@gmail.com logged in at Sun Nov 14 2021 21:59:08 GMT-0300 (hora estándar de Argentina)
[2021-11-14T21:59:24.778] [INFO] info - User log ignaciokakazu1@gmail.com
[2021-11-14T21:59:25.138] [INFO] info - User ignaciokakazu1@gmail.com logged in at Sun Nov 14 2021 21:59:25 GMT-0300 (hora estándar de Argentina)
[2021-11-14T21:59:57.219] [INFO] info - SERVER UP 8080
[2021-11-14T22:00:14.415] [INFO] info - User log ignaciokakazu1@gmail.com
[2021-11-14T22:00:14.747] [INFO] info - User ignaciokakazu1@gmail.com logged in at Sun Nov 14 2021 22:00:14 GMT-0300 (hora estándar de Argentina)
[2021-11-14T22:00:44.258] [INFO] info - SERVER UP 8080
[2021-11-14T22:00:51.063] [INFO] info - User log ignaciokakazu1@gmail.com
[2021-11-14T22:00:51.403] [INFO] info - User ignaciokakazu1@gmail.com logged in at Sun Nov 14 2021 22:00:51 GMT-0300 (hora estándar de Argentina)
[2021-11-14T22:06:34.782] [INFO] info - SERVER UP 8080
[2021-11-14T22:06:41.141] [INFO] info - User log ignaciokakazu@gmail.com
[2021-11-14T22:06:41.465] [INFO] info - User ignaciokakazu@gmail.com logged in at Sun Nov 14 2021 22:06:41 GMT-0300 (hora estándar de Argentina)
[2021-11-14T22:11:08.131] [INFO] info - User log 12@gmail.com
[2021-11-14T22:11:08.134] [WARN] info - user does not exists 12@gmail.com
[2021-11-14T22:15:21.073] [INFO] info - SERVER UP 8080
[2021-11-14T22:15:23.747] [INFO] info - req.user=> undefined
[2021-11-14T22:15:23.833] [INFO] info - req.user=> undefined
[2021-11-14T22:15:23.837] [INFO] info - req.user=> undefined
[2021-11-14T22:15:23.845] [INFO] info - req.user=> undefined
[2021-11-14T22:15:23.847] [INFO] info - req.user=> undefined
[2021-11-14T22:15:30.059] [INFO] info - req.user=> undefined
[2021-11-14T22:15:30.262] [INFO] info - User log ignaciokakazu1@gmail.com
[2021-11-14T22:15:30.579] [INFO] info - User ignaciokakazu1@gmail.com logged in at Sun Nov 14 2021 22:15:30 GMT-0300 (hora estándar de Argentina)
[2021-11-14T22:16:24.491] [INFO] info - SERVER UP 8080
[2021-11-14T22:16:27.927] [INFO] info - req.user=> undefined
[2021-11-14T22:16:28.008] [INFO] info - req.user=> undefined
[2021-11-14T22:16:28.010] [INFO] info - req.user=> undefined
[2021-11-14T22:16:28.018] [INFO] info - req.user=> undefined
[2021-11-14T22:16:28.028] [INFO] info - req.user=> undefined
[2021-11-14T22:16:33.511] [INFO] info - req.user=> undefined
[2021-11-14T22:16:33.712] [INFO] info - User log ignaciokakazu1@gmail.com
[2021-11-14T22:16:34.044] [INFO] info - User ignaciokakazu1@gmail.com logged in at Sun Nov 14 2021 22:16:34 GMT-0300 (hora estándar de Argentina)
[2021-11-14T22:17:49.011] [INFO] info - SERVER UP 8080
[2021-11-14T22:17:51.350] [INFO] info - req.user=> undefined
[2021-11-14T22:17:51.426] [INFO] info - req.user=> undefined
[2021-11-14T22:17:51.428] [INFO] info - req.user=> undefined
[2021-11-14T22:17:51.430] [INFO] info - req.user=> undefined
[2021-11-14T22:17:51.437] [INFO] info - req.user=> undefined
[2021-11-14T22:17:57.271] [INFO] info - req.user=> undefined
[2021-11-14T22:17:57.470] [INFO] info - User log ignaciokakazu1@gmail.com
[2021-11-14T22:17:57.803] [INFO] info - User ignaciokakazu1@gmail.com logged in at Sun Nov 14 2021 22:17:57 GMT-0300 (hora estándar de Argentina)
[2021-11-14T22:23:07.705] [INFO] info - SERVER UP 8080
[2021-11-14T23:43:30.597] [INFO] info - SERVER UP 8080
[2021-11-14T23:43:32.194] [INFO] info - req.user=> undefined
[2021-11-14T23:43:32.275] [INFO] info - req.user=> undefined
[2021-11-14T23:43:32.278] [INFO] info - req.user=> undefined
[2021-11-14T23:43:32.288] [INFO] info - req.user=> undefined
[2021-11-14T23:43:32.290] [INFO] info - req.user=> undefined
[2021-11-14T23:43:46.193] [INFO] info - req.user=> undefined
[2021-11-14T23:43:46.389] [INFO] info - User log ignaciokakazu1@gmail.com
[2021-11-14T23:43:46.669] [INFO] info - User ignaciokakazu1@gmail.com logged in at Sun Nov 14 2021 23:43:46 GMT-0300 (hora estándar de Argentina)
[2021-11-14T23:48:26.180] [INFO] info - SERVER UP 8080
[2021-11-14T23:48:32.605] [INFO] info - req.user=> undefined
[2021-11-14T23:48:32.807] [INFO] info - User log ignaciokakazu1@gmail.com
[2021-11-14T23:48:33.138] [INFO] info - User ignaciokakazu1@gmail.com logged in at Sun Nov 14 2021 23:48:33 GMT-0300 (hora estándar de Argentina)
[2021-11-14T23:48:38.357] [INFO] info - req.user=> undefined
[2021-11-14T23:56:07.533] [INFO] info - SERVER UP 8080
[2021-11-14T23:56:20.542] [INFO] info - req.user=> undefined
[2021-11-14T23:56:22.362] [INFO] info - req.user=> undefined
[2021-11-14T23:56:26.982] [INFO] info - req.user=> undefined
[2021-11-14T23:56:27.185] [INFO] info - User log ignaciokakazu1@gmail.com
[2021-11-14T23:56:27.520] [INFO] info - User ignaciokakazu1@gmail.com logged in at Sun Nov 14 2021 23:56:27 GMT-0300 (hora estándar de Argentina)
[2021-11-14T23:56:31.246] [INFO] info - req.user=> undefined
[2021-11-14T23:57:15.579] [INFO] info - SERVER UP 8080
[2021-11-14T23:57:23.989] [INFO] info - req.user=> undefined
[2021-11-14T23:57:24.191] [INFO] info - User log ignaciokakazu1@gmail.com
[2021-11-14T23:57:24.521] [INFO] info - User ignaciokakazu1@gmail.com logged in at Sun Nov 14 2021 23:57:24 GMT-0300 (hora estándar de Argentina)
[2021-11-14T23:57:28.396] [INFO] info - req.user=> undefined
[2021-11-14T23:58:22.896] [INFO] info - SERVER UP 8080
[2021-11-14T23:58:26.718] [INFO] info - req.user=> undefined
[2021-11-14T23:58:26.790] [INFO] info - req.user=> undefined
[2021-11-14T23:58:26.798] [INFO] info - req.user=> undefined
[2021-11-14T23:58:26.800] [INFO] info - req.user=> undefined
[2021-11-14T23:58:26.815] [INFO] info - req.user=> undefined
[2021-11-14T23:58:32.997] [INFO] info - req.user=> undefined
[2021-11-14T23:58:33.199] [INFO] info - User log ignaciokakazu1@gmail.com
[2021-11-14T23:58:33.523] [INFO] info - User ignaciokakazu1@gmail.com logged in at Sun Nov 14 2021 23:58:33 GMT-0300 (hora estándar de Argentina)
[2021-11-14T23:58:37.433] [INFO] info - req.user=> undefined
[2021-11-15T00:42:12.584] [INFO] info - SERVER UP 8080
[2021-11-15T00:42:32.458] [INFO] info - deserialize
[2021-11-15T00:42:32.685] [INFO] info - req.user=> {"_id":"6191d4e97b6f310321d41c0d","username":"ignacio","email":"123456789ignac@gmail.com","password":"$2b$10$EqTzr4jQRswRaioAD7kUJOIM3PtnpbetxQt1cn9CAQvvI/e8QA372","firstName":"Ignacio","lastName":"Apellido","__v":0}
[2021-11-15T00:42:39.501] [INFO] info - deserialize
[2021-11-15T00:42:39.692] [INFO] info - req.user=> {"_id":"6191d4e97b6f310321d41c0d","username":"ignacio","email":"123456789ignac@gmail.com","password":"$2b$10$EqTzr4jQRswRaioAD7kUJOIM3PtnpbetxQt1cn9CAQvvI/e8QA372","firstName":"Ignacio","lastName":"Apellido","__v":0}
[2021-11-15T00:42:45.462] [INFO] info - deserialize
[2021-11-15T00:42:45.673] [INFO] info - req.user=> {"_id":"6191d4e97b6f310321d41c0d","username":"ignacio","email":"123456789ignac@gmail.com","password":"$2b$10$EqTzr4jQRswRaioAD7kUJOIM3PtnpbetxQt1cn9CAQvvI/e8QA372","firstName":"Ignacio","lastName":"Apellido","__v":0}
[2021-11-15T00:42:45.891] [INFO] info - User log ignaciokakazu1@gmail.com
[2021-11-15T00:42:46.252] [INFO] info - User ignaciokakazu1@gmail.com logged in at Mon Nov 15 2021 00:42:46 GMT-0300 (hora estándar de Argentina)
[2021-11-15T00:43:49.566] [INFO] info - req.user=> undefined
[2021-11-15T00:43:49.754] [INFO] info - User log ignaciokakazu1@gmail.com
[2021-11-15T00:43:50.056] [INFO] info - User ignaciokakazu1@gmail.com logged in at Mon Nov 15 2021 00:43:50 GMT-0300 (hora estándar de Argentina)
[2021-11-15T00:43:53.856] [INFO] info - req.user=> undefined
[2021-11-15T00:43:54.040] [INFO] info - User log ignaciokakazu1@gmail.com
[2021-11-15T00:43:54.358] [INFO] info - User ignaciokakazu1@gmail.com logged in at Mon Nov 15 2021 00:43:54 GMT-0300 (hora estándar de Argentina)
[2021-11-15T00:44:05.858] [INFO] info - req.user=> undefined
[2021-11-15T00:44:06.042] [INFO] info - User log ignaciokakazu1@gmail.com
[2021-11-15T00:44:06.369] [INFO] info - User ignaciokakazu1@gmail.com logged in at Mon Nov 15 2021 00:44:06 GMT-0300 (hora estándar de Argentina)
[2021-11-15T00:47:55.918] [INFO] info - SERVER UP 8080
[2021-11-15T00:49:03.012] [INFO] info - SERVER UP 8080
[2021-11-15T00:51:10.962] [INFO] info - SERVER UP 8080
[2021-11-15T00:51:15.507] [INFO] info - User log ignaciokakazu1@gmail.com
[2021-11-15T00:52:21.623] [INFO] info - SERVER UP 8080
[2021-11-15T00:52:25.675] [INFO] info - User log ignaciokakazu1@gmail.com
[2021-11-15T00:52:34.264] [INFO] info - req.user=> undefined
[2021-11-15T00:52:34.366] [INFO] info - req.user=> undefined
[2021-11-15T00:52:34.385] [INFO] info - req.user=> undefined
[2021-11-15T00:52:34.387] [INFO] info - req.user=> undefined
[2021-11-15T00:52:34.391] [INFO] info - req.user=> undefined
[2021-11-15T00:52:41.537] [INFO] info - req.user=> undefined
[2021-11-15T00:52:41.722] [INFO] info - User log ignaciokakazu1@gmail.com
[2021-11-15T00:52:42.041] [INFO] info - User ignaciokakazu1@gmail.com logged in at Mon Nov 15 2021 00:52:42 GMT-0300 (hora estándar de Argentina)
[2021-11-15T00:52:52.016] [INFO] info - req.user=> undefined
[2021-11-15T00:53:02.566] [INFO] info - req.user=> undefined
[2021-11-15T00:53:02.751] [INFO] info - User log ignaciokakazu1@gmail.com
[2021-11-15T00:53:03.097] [INFO] info - User ignaciokakazu1@gmail.com logged in at Mon Nov 15 2021 00:53:03 GMT-0300 (hora estándar de Argentina)
[2021-11-15T00:57:35.598] [INFO] info - SERVER UP 8080
[2021-11-15T00:57:40.260] [INFO] info - User log ignaciokakazu1@gmail.com
[2021-11-15T00:57:47.475] [INFO] info - req.user=> undefined
[2021-11-15T00:57:47.665] [INFO] info - User log ignaciokakazu1@gmail.com
[2021-11-15T00:57:48.013] [INFO] info - User ignaciokakazu1@gmail.com logged in at Mon Nov 15 2021 00:57:48 GMT-0300 (hora estándar de Argentina)
[2021-11-15T00:57:51.924] [INFO] info - req.user=> undefined
[2021-11-15T00:59:33.017] [INFO] info - SERVER UP 8080
[2021-11-15T00:59:37.276] [INFO] info - User log ignaciokakazu1@gmail.com
[2021-11-15T00:59:50.607] [INFO] info - req.user=> undefined
[2021-11-15T00:59:50.799] [INFO] info - User log ignaciokakazu1@gmail.com
[2021-11-15T00:59:51.108] [INFO] info - User ignaciokakazu1@gmail.com logged in at Mon Nov 15 2021 00:59:51 GMT-0300 (hora estándar de Argentina)
[2021-11-15T00:59:57.053] [INFO] info - req.user=> undefined
[2021-11-15T01:13:26.961] [INFO] info - SERVER UP 8080
[2021-11-15T01:13:31.078] [INFO] info - User log ignaciokakazu1@gmail.com
[2021-11-15T01:13:43.287] [INFO] info - req.user=> undefined
[2021-11-15T01:13:43.413] [INFO] info - req.user=> undefined
[2021-11-15T01:13:43.420] [INFO] info - req.user=> undefined
[2021-11-15T01:13:43.422] [INFO] info - req.user=> undefined
[2021-11-15T01:13:43.424] [INFO] info - req.user=> undefined
[2021-11-15T01:13:43.436] [INFO] info - req.user=> undefined
[2021-11-15T01:13:43.438] [INFO] info - req.user=> undefined
[2021-11-15T01:13:43.440] [INFO] info - req.user=> undefined
[2021-11-15T01:13:43.742] [INFO] info - req.user=> undefined
[2021-11-15T01:13:43.743] [INFO] info - req.user=> undefined
[2021-11-15T01:13:44.007] [INFO] info - req.user=> undefined
[2021-11-15T01:13:45.441] [INFO] info - req.user=> undefined
[2021-11-15T01:13:45.489] [INFO] info - req.user=> undefined
[2021-11-15T01:13:45.490] [INFO] info - req.user=> undefined
[2021-11-15T01:13:45.491] [INFO] info - req.user=> undefined
[2021-11-15T01:13:45.492] [INFO] info - req.user=> undefined
[2021-11-15T01:13:50.368] [INFO] info - req.user=> undefined
[2021-11-15T01:13:50.558] [INFO] info - User log ignaciokakazu1@gmail.com
[2021-11-15T01:13:50.905] [INFO] info - User ignaciokakazu1@gmail.com logged in at Mon Nov 15 2021 01:13:50 GMT-0300 (hora estándar de Argentina)
[2021-11-15T01:13:53.166] [INFO] info - req.user=> undefined
[2021-11-15T01:13:53.178] [INFO] info - req.user=> undefined
[2021-11-15T01:13:53.180] [INFO] info - req.user=> undefined
[2021-11-15T01:13:56.725] [INFO] info - req.user=> undefined
[2021-11-15T01:13:56.915] [INFO] info - User log ignaciokakazu1@gmail.com
[2021-11-15T01:13:57.230] [INFO] info - User ignaciokakazu1@gmail.com logged in at Mon Nov 15 2021 01:13:57 GMT-0300 (hora estándar de Argentina)
[2021-11-15T01:14:06.709] [INFO] info - req.user=> undefined
[2021-11-15T01:14:32.995] [INFO] info - req.user=> undefined
[2021-11-15T01:14:33.181] [INFO] info - User log ignaciokakazu1@gmail.com
[2021-11-15T01:14:33.475] [INFO] info - User ignaciokakazu1@gmail.com logged in at Mon Nov 15 2021 01:14:33 GMT-0300 (hora estándar de Argentina)
[2021-11-15T01:18:56.717] [INFO] info - SERVER UP 8080
[2021-11-15T01:19:00.872] [INFO] info - User log ignaciokakazu1@gmail.com
[2021-11-15T01:19:13.474] [INFO] info - req.user=> undefined
[2021-11-15T01:19:13.663] [INFO] info - User log ignaciokakazu1@gmail.com
[2021-11-15T01:19:13.974] [INFO] info - User ignaciokakazu1@gmail.com logged in at Mon Nov 15 2021 01:19:13 GMT-0300 (hora estándar de Argentina)
[2021-11-15T01:19:16.804] [INFO] info - req.user=> undefined
[2021-11-15T01:19:16.947] [INFO] info - req.user=> undefined
[2021-11-15T01:19:16.949] [INFO] info - req.user=> undefined
[2021-11-15T01:19:16.954] [INFO] info - req.user=> undefined
[2021-11-15T01:19:16.976] [INFO] info - req.user=> undefined
[2021-11-15T01:20:52.151] [INFO] info - SERVER UP 8080
[2021-11-15T01:20:56.308] [INFO] info - User log ignaciokakazu1@gmail.com
[2021-11-15T01:20:59.592] [INFO] info - req.user=> undefined
[2021-11-15T01:20:59.779] [INFO] info - User log ignaciokakazu1@gmail.com
[2021-11-15T01:21:00.093] [INFO] info - User ignaciokakazu1@gmail.com logged in at Mon Nov 15 2021 01:21:00 GMT-0300 (hora estándar de Argentina)
[2021-11-15T01:21:03.767] [INFO] info - req.user=> undefined
[2021-11-15T01:27:53.399] [INFO] info - SERVER UP 8080
[2021-11-15T01:27:56.919] [INFO] info - req.user=> undefined
[2021-11-15T01:27:56.995] [INFO] info - req.user=> undefined
[2021-11-15T01:27:57.012] [INFO] info - req.user=> undefined
[2021-11-15T01:27:57.016] [INFO] info - req.user=> undefined
[2021-11-15T01:27:57.020] [INFO] info - req.user=> undefined
[2021-11-15T01:28:07.037] [INFO] info - req.user=> undefined
[2021-11-15T01:28:07.231] [INFO] info - User log ignaciokakazu1@gmail.com
[2021-11-15T01:28:07.544] [INFO] info - User ignaciokakazu1@gmail.com logged in at Mon Nov 15 2021 01:28:07 GMT-0300 (hora estándar de Argentina)
[2021-11-15T01:28:10.871] [INFO] info - req.user=> undefined
[2021-11-15T01:37:27.212] [INFO] info - SERVER UP 8080
[2021-11-15T01:37:46.456] [INFO] info - req.user=> undefined
[2021-11-15T01:37:46.521] [INFO] info - req.user=> undefined
[2021-11-15T01:37:46.534] [INFO] info - req.user=> undefined
[2021-11-15T01:37:46.536] [INFO] info - req.user=> undefined
[2021-11-15T01:37:46.542] [INFO] info - req.user=> undefined
[2021-11-15T01:37:54.870] [INFO] info - req.user=> undefined
[2021-11-15T01:37:55.074] [INFO] info - User log ignaciokakazu1@gmail.com
[2021-11-15T01:37:55.399] [INFO] info - User ignaciokakazu1@gmail.com logged in at Mon Nov 15 2021 01:37:55 GMT-0300 (hora estándar de Argentina)
[2021-11-15T01:37:59.274] [INFO] info - req.user=> undefined
[2021-11-15T01:39:30.987] [INFO] info - req.user=> undefined
[2021-11-15T01:39:31.078] [INFO] info - req.user=> undefined
[2021-11-15T01:39:31.080] [INFO] info - req.user=> undefined
[2021-11-15T01:39:31.087] [INFO] info - req.user=> undefined
[2021-11-15T01:39:31.091] [INFO] info - req.user=> undefined
[2021-11-15T01:40:04.856] [INFO] info - SERVER UP 8080
[2021-11-15T01:40:14.539] [INFO] info - req.user=> undefined
[2021-11-15T01:40:14.739] [INFO] info - User log ignaciokakazu1@gmail.com
[2021-11-15T01:40:15.062] [INFO] info - User ignaciokakazu1@gmail.com logged in at Mon Nov 15 2021 01:40:15 GMT-0300 (hora estándar de Argentina)
[2021-11-15T01:40:18.949] [INFO] info - req.user=> undefined
[2021-11-15T01:40:19.049] [INFO] info - req.user=> undefined
[2021-11-15T01:40:19.052] [INFO] info - req.user=> undefined
[2021-11-15T01:40:19.059] [INFO] info - req.user=> undefined
[2021-11-15T01:40:19.063] [INFO] info - req.user=> undefined
[2021-11-15T08:41:46.593] [INFO] info - SERVER UP 8080
[2021-11-15T08:44:08.380] [INFO] info - req.user=> undefined
[2021-11-15T08:44:08.486] [INFO] info - req.user=> undefined
[2021-11-15T08:44:08.488] [INFO] info - req.user=> undefined
[2021-11-15T08:44:08.491] [INFO] info - req.user=> undefined
[2021-11-15T08:44:08.493] [INFO] info - req.user=> undefined
[2021-11-15T08:44:08.494] [INFO] info - req.user=> undefined
[2021-11-15T08:44:08.495] [INFO] info - req.user=> undefined
[2021-11-15T08:44:08.505] [INFO] info - req.user=> undefined
[2021-11-15T08:44:08.788] [INFO] info - req.user=> undefined
[2021-11-15T08:44:08.790] [INFO] info - req.user=> undefined
[2021-11-15T08:44:08.808] [INFO] info - req.user=> undefined
[2021-11-15T08:44:09.008] [INFO] info - req.user=> undefined
[2021-11-15T08:44:10.201] [INFO] info - req.user=> undefined
[2021-11-15T08:44:10.241] [INFO] info - req.user=> undefined
[2021-11-15T08:44:10.245] [INFO] info - req.user=> undefined
[2021-11-15T08:44:10.246] [INFO] info - req.user=> undefined
[2021-11-15T08:44:10.247] [INFO] info - req.user=> undefined
[2021-11-15T08:44:16.341] [INFO] info - req.user=> undefined
[2021-11-15T08:44:16.529] [INFO] info - User log ignaciokakazu1@gmail.com
[2021-11-15T08:44:16.856] [INFO] info - User ignaciokakazu1@gmail.com logged in at Mon Nov 15 2021 08:44:16 GMT-0300 (hora estándar de Argentina)
[2021-11-15T08:44:16.889] [INFO] info - req.user=> undefined
[2021-11-15T08:44:20.142] [INFO] info - req.user=> undefined
[2021-11-15T08:44:20.144] [INFO] info - req.user=> undefined
[2021-11-15T08:44:20.146] [INFO] info - req.user=> undefined
[2021-11-15T08:44:22.701] [INFO] info - req.user=> undefined
[2021-11-15T08:44:22.888] [INFO] info - User log ignaciokakazu1@gmail.com
[2021-11-15T08:44:23.222] [INFO] info - User ignaciokakazu1@gmail.com logged in at Mon Nov 15 2021 08:44:23 GMT-0300 (hora estándar de Argentina)
[2021-11-15T08:44:23.230] [INFO] info - req.user=> undefined
[2021-11-15T08:45:37.566] [INFO] info - req.user=> undefined
[2021-11-15T08:45:37.660] [INFO] info - req.user=> undefined
[2021-11-15T08:45:37.661] [INFO] info - req.user=> undefined
[2021-11-15T08:45:37.664] [INFO] info - req.user=> undefined
[2021-11-15T08:45:37.667] [INFO] info - req.user=> undefined
[2021-11-15T08:45:44.147] [INFO] info - req.user=> undefined
[2021-11-15T08:45:44.190] [INFO] info - req.user=> undefined
[2021-11-15T08:45:44.192] [INFO] info - req.user=> undefined
[2021-11-15T08:45:44.195] [INFO] info - req.user=> undefined
[2021-11-15T08:45:44.202] [INFO] info - req.user=> undefined
[2021-11-15T08:45:44.204] [INFO] info - req.user=> undefined
[2021-11-15T08:45:44.205] [INFO] info - req.user=> undefined
[2021-11-15T08:45:44.210] [INFO] info - req.user=> undefined
[2021-11-15T08:45:44.321] [INFO] info - req.user=> undefined
[2021-11-15T08:45:44.322] [INFO] info - req.user=> undefined
[2021-11-15T08:45:44.522] [INFO] info - req.user=> undefined
[2021-11-15T08:45:46.268] [INFO] info - req.user=> undefined
[2021-11-15T08:45:46.275] [INFO] info - req.user=> undefined
[2021-11-15T08:45:46.922] [INFO] info - req.user=> undefined
[2021-11-15T08:45:46.930] [INFO] info - req.user=> undefined
[2021-11-15T08:45:52.292] [INFO] info - req.user=> undefined
[2021-11-15T08:45:52.294] [INFO] info - req.user=> undefined
[2021-11-15T08:45:52.296] [INFO] info - req.user=> undefined
[2021-11-15T08:48:44.710] [INFO] info - req.user=> undefined
[2021-11-15T08:51:08.487] [INFO] info - SERVER UP 8080
[2021-11-15T08:55:32.811] [INFO] info - req.user=> undefined
[2021-11-15T08:55:47.224] [INFO] info - req.user=> undefined
[2021-11-15T08:56:04.866] [INFO] info - req.user=> undefined
[2021-11-15T08:56:08.418] [INFO] info - req.user=> undefined
[2021-11-15T08:56:08.519] [INFO] info - req.user=> undefined
[2021-11-15T08:56:08.526] [INFO] info - req.user=> undefined
[2021-11-15T08:56:08.528] [INFO] info - req.user=> undefined
[2021-11-15T08:56:08.532] [INFO] info - req.user=> undefined
[2021-11-15T08:56:11.072] [INFO] info - req.user=> undefined
[2021-11-15T08:56:23.578] [INFO] info - req.user=> undefined
[2021-11-15T09:04:44.930] [INFO] info - req.user=> undefined
[2021-11-15T09:04:44.975] [INFO] info - req.user=> undefined
[2021-11-15T09:04:44.976] [INFO] info - req.user=> undefined
[2021-11-15T09:04:44.978] [INFO] info - req.user=> undefined
[2021-11-15T09:04:44.981] [INFO] info - req.user=> undefined
[2021-11-15T09:04:53.045] [INFO] info - req.user=> undefined
[2021-11-15T09:04:53.232] [INFO] info - User log ignaciokakazu1@gmail.com
[2021-11-15T09:04:53.557] [INFO] info - User ignaciokakazu1@gmail.com logged in at Mon Nov 15 2021 09:04:53 GMT-0300 (hora estándar de Argentina)
[2021-11-15T09:04:55.969] [INFO] info - req.user=> undefined
[2021-11-15T09:04:55.974] [INFO] info - req.user=> undefined
[2021-11-15T09:04:55.980] [INFO] info - req.user=> undefined
[2021-11-15T09:05:02.741] [INFO] info - req.user=> undefined
[2021-11-15T09:05:02.928] [INFO] info - User log ignaciokakazu1@gmail.com
[2021-11-15T09:05:03.271] [INFO] info - User ignaciokakazu1@gmail.com logged in at Mon Nov 15 2021 09:05:03 GMT-0300 (hora estándar de Argentina)
[2021-11-15T09:05:11.361] [INFO] info - req.user=> undefined
[2021-11-15T09:05:11.429] [INFO] info - req.user=> undefined
[2021-11-15T09:05:11.431] [INFO] info - req.user=> undefined
[2021-11-15T09:05:11.433] [INFO] info - req.user=> undefined
[2021-11-15T09:05:11.437] [INFO] info - req.user=> undefined
[2021-11-15T09:08:16.418] [INFO] info - req.user=> undefined
[2021-11-15T09:08:16.608] [INFO] info - User log ignaciokakazu1@gmail.com
[2021-11-15T09:08:16.934] [INFO] info - User ignaciokakazu1@gmail.com logged in at Mon Nov 15 2021 09:08:16 GMT-0300 (hora estándar de Argentina)
[2021-11-15T09:10:34.064] [INFO] info - SERVER UP 8080
[2021-11-15T09:10:38.988] [INFO] info - req.user=> undefined
[2021-11-15T09:10:39.195] [INFO] info - User log ignaciokakazu1@gmail.com
[2021-11-15T09:10:39.529] [INFO] info - User ignaciokakazu1@gmail.com logged in at Mon Nov 15 2021 09:10:39 GMT-0300 (hora estándar de Argentina)
[2021-11-15T09:10:39.532] [INFO] info - seteo carrito nuevo para undefined
[2021-11-15T09:10:39.533] [INFO] info - undefined
[2021-11-15T09:10:39.533] [INFO] info - 
[2021-11-15T09:13:45.272] [INFO] info - SERVER UP 8080
[2021-11-15T09:13:51.636] [INFO] info - req.user=> undefined
[2021-11-15T09:13:51.834] [INFO] info - User log ignaciokakazu1@gmail.com
[2021-11-15T09:13:52.216] [INFO] info - User ignaciokakazu1@gmail.com logged in at Mon Nov 15 2021 09:13:52 GMT-0300 (hora estándar de Argentina)
[2021-11-15T09:13:52.221] [INFO] info - seteo carrito nuevo para undefined
[2021-11-15T09:13:52.222] [INFO] info - undefined
[2021-11-15T09:13:52.222] [INFO] info - 
[2021-11-15T09:16:06.327] [INFO] info - SERVER UP 8080
[2021-11-15T09:16:10.867] [INFO] info - req.user=> undefined
[2021-11-15T09:16:11.180] [INFO] info - User log ignaciokakazu1@gmail.com
[2021-11-15T09:16:11.549] [INFO] info - User ignaciokakazu1@gmail.com logged in at Mon Nov 15 2021 09:16:11 GMT-0300 (hora estándar de Argentina)
[2021-11-15T09:16:11.553] [INFO] info - seteo carrito nuevo para undefined
[2021-11-15T09:16:11.554] [INFO] info - undefined
[2021-11-15T09:16:11.554] [INFO] info - 
[2021-11-15T09:16:51.536] [INFO] info - SERVER UP 8080
[2021-11-15T09:16:53.961] [INFO] info - req.user=> undefined
[2021-11-15T09:16:55.609] [INFO] info - User log ignaciokakazu1@gmail.com
[2021-11-15T09:16:55.974] [INFO] info - User ignaciokakazu1@gmail.com logged in at Mon Nov 15 2021 09:16:55 GMT-0300 (hora estándar de Argentina)
[2021-11-15T09:16:55.978] [INFO] info - seteo carrito nuevo para undefined
[2021-11-15T09:16:55.979] [INFO] info - undefined
[2021-11-15T09:16:55.979] [INFO] info - 
[2021-11-15T09:18:33.539] [INFO] info - SERVER UP 8080
[2021-11-15T09:18:53.934] [INFO] info - req.user=> undefined
[2021-11-15T09:18:54.129] [INFO] info - User log ignaciokakazu1@gmail.com
[2021-11-15T09:18:54.441] [INFO] info - User ignaciokakazu1@gmail.com logged in at Mon Nov 15 2021 09:18:54 GMT-0300 (hora estándar de Argentina)
[2021-11-15T09:18:54.445] [INFO] info - seteo carrito nuevo para ignaciokakazu1@gmail.com
[2021-11-15T09:18:54.446] [INFO] info - undefined
[2021-11-15T09:18:54.447] [INFO] info - 
[2021-11-15T09:19:52.926] [INFO] info - SERVER UP 8080
[2021-11-15T09:29:00.398] [INFO] info - SERVER UP 8080
[2021-11-15T09:29:03.496] [INFO] info - req.user=> undefined
[2021-11-15T09:29:04.433] [INFO] info - User log ignaciokakazu1@gmail.com
[2021-11-15T09:29:04.728] [INFO] info - User ignaciokakazu1@gmail.com logged in at Mon Nov 15 2021 09:29:04 GMT-0300 (hora estándar de Argentina)
[2021-11-15T09:30:31.620] [INFO] info - SERVER UP 8080
[2021-11-15T09:30:34.866] [INFO] info - req.user=> undefined
[2021-11-15T09:30:35.751] [INFO] info - User log ignaciokakazu1@gmail.com
[2021-11-15T09:30:36.090] [INFO] info - User ignaciokakazu1@gmail.com logged in at Mon Nov 15 2021 09:30:36 GMT-0300 (hora estándar de Argentina)
[2021-11-15T09:30:36.276] [INFO] info - User log ignaciokakazu1@gmail.com
[2021-11-15T09:30:36.277] [INFO] info - seteo carrito nuevo para ignaciokakazu1@gmail.com
[2021-11-15T09:30:36.280] [INFO] info - undefined
[2021-11-15T09:30:36.280] [INFO] info - 
[2021-11-15T09:31:23.665] [INFO] info - SERVER UP 8080
[2021-11-15T09:31:27.056] [INFO] info - req.user=> undefined
[2021-11-15T09:31:27.988] [INFO] info - User log ignaciokakazu1@gmail.com
[2021-11-15T09:31:28.344] [INFO] info - User ignaciokakazu1@gmail.com logged in at Mon Nov 15 2021 09:31:28 GMT-0300 (hora estándar de Argentina)
[2021-11-15T09:31:28.535] [INFO] info - User log ignaciokakazu1@gmail.com
[2021-11-15T09:31:28.536] [INFO] info - seteo carrito nuevo para ignaciokakazu1@gmail.com
[2021-11-15T09:31:28.538] [INFO] info - undefined
[2021-11-15T09:31:28.539] [INFO] info - 
[2021-11-15T09:35:42.511] [INFO] info - SERVER UP 8080
[2021-11-15T09:36:13.010] [INFO] info - req.user=> undefined
[2021-11-15T09:36:13.207] [INFO] info - User log ignaciokakazu1@gmail.com
[2021-11-15T09:36:13.558] [INFO] info - User ignaciokakazu1@gmail.com logged in at Mon Nov 15 2021 09:36:13 GMT-0300 (hora estándar de Argentina)
[2021-11-15T09:36:13.745] [INFO] info - User log ignaciokakazu1@gmail.com
[2021-11-15T09:36:13.746] [INFO] info - seteo carrito nuevo para ignaciokakazu1@gmail.com
[2021-11-15T09:36:13.747] [INFO] info - undefined
[2021-11-15T09:36:13.748] [INFO] info - 
[2021-11-16T21:03:04.684] [INFO] info - SERVER UP 8080
[2021-11-16T21:04:37.550] [INFO] info - req.user=> undefined
[2021-11-16T21:10:07.298] [INFO] info - SERVER UP 8080
[2021-11-16T21:10:53.878] [INFO] info - req.user=> undefined
[2021-11-16T21:18:44.812] [INFO] info - SERVER UP 8080
[2021-11-16T21:18:49.515] [INFO] info - req.user=> undefined
[2021-11-16T21:19:28.652] [INFO] info - SERVER UP 8080
[2021-11-16T21:19:28.780] [INFO] info - req.user=> undefined
[2021-11-16T21:26:28.799] [INFO] info - SERVER UP 8080
[2021-11-16T21:26:35.636] [INFO] info - req.user=> undefined
[2021-11-16T21:30:38.477] [INFO] info - req.user=> undefined
[2021-11-16T21:31:50.435] [INFO] info - SERVER UP 8080
[2021-11-16T21:32:52.526] [INFO] info - req.user=> undefined
[2021-11-16T21:33:30.353] [INFO] info - SERVER UP 8080
[2021-11-16T21:33:30.867] [INFO] info - req.user=> undefined
[2021-11-16T21:34:13.710] [INFO] info - SERVER UP 8080
[2021-11-16T21:35:18.421] [INFO] info - req.user=> undefined
[2021-11-16T21:35:57.684] [INFO] info - SERVER UP 8080
[2021-11-16T21:35:59.708] [INFO] info - req.user=> undefined
[2021-11-16T21:46:55.189] [INFO] info - SERVER UP 8080
[2021-11-16T21:56:41.153] [INFO] info - req.user=> undefined
[2021-11-16T22:05:53.286] [INFO] info - SERVER UP 8080
[2021-11-16T22:05:53.617] [INFO] info - req.user=> undefined
[2021-11-16T22:11:16.057] [INFO] info - SERVER UP 8080
[2021-11-16T22:11:28.037] [INFO] info - req.user=> undefined
[2021-11-16T22:12:52.227] [INFO] info - req.user=> undefined
[2021-11-16T22:13:30.841] [INFO] info - SERVER UP 8080
[2021-11-16T22:13:34.362] [INFO] info - req.user=> undefined
[2021-11-16T22:14:20.743] [INFO] info - SERVER UP 8080
[2021-11-16T22:14:24.462] [INFO] info - req.user=> undefined
[2021-11-16T22:14:52.178] [INFO] info - SERVER UP 8080
[2021-11-16T22:14:52.434] [INFO] info - req.user=> undefined
[2021-11-16T22:15:41.591] [INFO] info - SERVER UP 8080
[2021-11-16T22:15:59.208] [INFO] info - req.user=> undefined
[2021-11-16T22:17:31.993] [INFO] info - req.user=> undefined
[2021-11-16T22:17:38.632] [INFO] info - req.user=> undefined
[2021-11-16T22:18:07.821] [INFO] info - req.user=> undefined
[2021-11-16T22:19:03.913] [INFO] info - SERVER UP 8080
[2021-11-16T22:19:07.646] [INFO] info - req.user=> undefined
[2021-11-16T22:20:53.502] [INFO] info - SERVER UP 8080
[2021-11-16T22:20:56.885] [INFO] info - req.user=> undefined
[2021-11-16T22:21:45.812] [INFO] info - req.user=> undefined
[2021-11-16T22:21:55.830] [INFO] info - req.user=> undefined
[2021-11-16T22:22:05.180] [INFO] info - req.user=> undefined
[2021-11-16T22:22:39.527] [INFO] info - SERVER UP 8080
[2021-11-16T22:22:43.332] [INFO] info - req.user=> undefined
[2021-11-16T22:24:06.057] [INFO] info - SERVER UP 8080
[2021-11-16T22:25:45.151] [INFO] info - req.user=> undefined
[2021-11-16T22:25:45.607] [INFO] info - req.user=> undefined
[2021-11-16T22:25:45.610] [INFO] info - req.user=> undefined
[2021-11-16T22:25:45.612] [INFO] info - req.user=> undefined
[2021-11-16T22:25:45.613] [INFO] info - req.user=> undefined
[2021-11-16T22:25:45.614] [INFO] info - req.user=> undefined
[2021-11-16T22:25:45.616] [INFO] info - req.user=> undefined
[2021-11-16T22:25:45.746] [INFO] info - req.user=> undefined
[2021-11-16T22:25:46.183] [INFO] info - req.user=> undefined
[2021-11-16T22:25:46.185] [INFO] info - req.user=> undefined
[2021-11-16T22:25:46.189] [INFO] info - req.user=> undefined
[2021-11-16T22:25:46.435] [INFO] info - req.user=> undefined
[2021-11-16T22:25:57.024] [INFO] info - req.user=> undefined
[2021-11-16T22:25:57.092] [INFO] info - req.user=> undefined
[2021-11-16T22:25:57.094] [INFO] info - req.user=> undefined
[2021-11-16T22:25:57.096] [INFO] info - req.user=> undefined
[2021-11-16T22:25:57.096] [INFO] info - req.user=> undefined
[2021-11-16T22:26:04.579] [INFO] info - req.user=> undefined
[2021-11-16T22:26:04.772] [INFO] info - User log ignaciokakazu1@gmail.com
[2021-11-16T22:26:05.261] [INFO] info - User ignaciokakazu1@gmail.com logged in at Tue Nov 16 2021 22:26:05 GMT-0300 (hora estándar de Argentina)
[2021-11-16T22:26:05.462] [INFO] info - User log ignaciokakazu1@gmail.com
[2021-11-16T22:26:45.887] [INFO] info - SERVER UP 8080
[2021-11-16T22:26:48.610] [INFO] info - req.user=> undefined
[2021-11-16T22:26:50.346] [INFO] info - User log ignaciokakazu1@gmail.com
[2021-11-16T22:26:50.683] [INFO] info - User ignaciokakazu1@gmail.com logged in at Tue Nov 16 2021 22:26:50 GMT-0300 (hora estándar de Argentina)
[2021-11-16T22:26:50.875] [INFO] info - User log ignaciokakazu1@gmail.com
[2021-11-16T22:28:31.619] [INFO] info - SERVER UP 8080
[2021-11-16T22:28:39.512] [INFO] info - req.user=> undefined
[2021-11-16T22:28:40.184] [INFO] info - User log ignaciokakazu1@gmail.com
[2021-11-16T22:28:40.534] [INFO] info - User ignaciokakazu1@gmail.com logged in at Tue Nov 16 2021 22:28:40 GMT-0300 (hora estándar de Argentina)
[2021-11-16T22:28:40.724] [INFO] info - User log ignaciokakazu1@gmail.com
[2021-11-16T22:32:44.063] [INFO] info - SERVER UP 8080
[2021-11-16T22:32:56.923] [INFO] info - req.user=> undefined
[2021-11-16T22:32:57.134] [INFO] info - User log ignaciokakazu1@gmail.com
[2021-11-16T22:32:57.466] [INFO] info - User ignaciokakazu1@gmail.com logged in at Tue Nov 16 2021 22:32:57 GMT-0300 (hora estándar de Argentina)
[2021-11-16T22:32:57.654] [INFO] info - User log ignaciokakazu1@gmail.com
[2021-11-16T22:37:55.108] [INFO] info - SERVER UP 8080
[2021-11-16T22:38:04.302] [INFO] info - req.user=> undefined
[2021-11-16T22:38:04.500] [INFO] info - User log ignaciokakazu1@gmail.com
[2021-11-16T22:38:04.824] [INFO] info - User ignaciokakazu1@gmail.com logged in at Tue Nov 16 2021 22:38:04 GMT-0300 (hora estándar de Argentina)
[2021-11-16T22:38:05.041] [INFO] info - User log ignaciokakazu1@gmail.com
[2021-11-16T22:39:48.297] [INFO] info - SERVER UP 8080
[2021-11-16T22:39:51.410] [INFO] info - req.user=> undefined
[2021-11-16T22:39:53.140] [INFO] info - User log ignaciokakazu1@gmail.com
[2021-11-16T22:39:53.459] [INFO] info - User ignaciokakazu1@gmail.com logged in at Tue Nov 16 2021 22:39:53 GMT-0300 (hora estándar de Argentina)
[2021-11-16T22:39:53.649] [INFO] info - User log ignaciokakazu1@gmail.com
[2021-11-16T22:41:31.386] [INFO] info - SERVER UP 8080
[2021-11-16T22:42:18.839] [INFO] info - req.user=> undefined
[2021-11-16T22:42:58.267] [INFO] info - req.user=> undefined
[2021-11-16T22:42:58.457] [INFO] info - User log ignaciokakazu1@gmail.com
[2021-11-16T22:42:58.768] [INFO] info - User ignaciokakazu1@gmail.com logged in at Tue Nov 16 2021 22:42:58 GMT-0300 (hora estándar de Argentina)
[2021-11-16T22:42:58.956] [INFO] info - User log ignaciokakazu1@gmail.com
[2021-11-16T22:48:23.887] [INFO] info - SERVER UP 8080
[2021-11-16T22:48:49.689] [INFO] info - req.user=> undefined
[2021-11-16T22:48:49.886] [INFO] info - User log ignaciokakazu1@gmail.com
[2021-11-16T22:48:50.235] [INFO] info - User ignaciokakazu1@gmail.com logged in at Tue Nov 16 2021 22:48:50 GMT-0300 (hora estándar de Argentina)
[2021-11-16T22:48:50.423] [INFO] info - User log ignaciokakazu1@gmail.com
[2021-11-16T22:50:16.731] [INFO] info - SERVER UP 8080
[2021-11-16T22:50:55.363] [INFO] info - req.user=> undefined
[2021-11-16T22:50:55.562] [INFO] info - User log ignaciokakazu1@gmail.com
[2021-11-16T22:50:55.887] [INFO] info - User ignaciokakazu1@gmail.com logged in at Tue Nov 16 2021 22:50:55 GMT-0300 (hora estándar de Argentina)
[2021-11-16T22:50:56.073] [INFO] info - User log ignaciokakazu1@gmail.com
[2021-11-16T22:52:00.424] [INFO] info - req.user=> undefined
[2021-11-16T22:52:00.540] [INFO] info - req.user=> undefined
[2021-11-16T22:52:00.553] [INFO] info - req.user=> undefined
[2021-11-16T22:52:00.561] [INFO] info - req.user=> undefined
[2021-11-16T22:52:00.579] [INFO] info - req.user=> undefined
[2021-11-16T22:52:38.489] [INFO] info - req.user=> undefined
[2021-11-16T22:52:38.675] [INFO] info - User log ignaciokakazu1@gmail.com
[2021-11-16T22:52:38.995] [INFO] info - User ignaciokakazu1@gmail.com logged in at Tue Nov 16 2021 22:52:38 GMT-0300 (hora estándar de Argentina)
[2021-11-16T22:52:39.181] [INFO] info - User log ignaciokakazu1@gmail.com
[2021-11-16T22:53:47.487] [INFO] info - SERVER UP 8080
[2021-11-16T22:53:47.530] [INFO] info - req.user=> undefined
[2021-11-16T22:53:51.560] [INFO] info - User log ignaciokakazu1@gmail.com
[2021-11-16T22:53:51.884] [INFO] info - User ignaciokakazu1@gmail.com logged in at Tue Nov 16 2021 22:53:51 GMT-0300 (hora estándar de Argentina)
[2021-11-16T22:53:52.075] [INFO] info - User log ignaciokakazu1@gmail.com
[2021-11-16T22:53:52.332] [INFO] info - req.user=> undefined
[2021-11-16T22:53:52.526] [INFO] info - User log ignaciokakazu1@gmail.com
[2021-11-16T22:53:52.843] [INFO] info - User ignaciokakazu1@gmail.com logged in at Tue Nov 16 2021 22:53:52 GMT-0300 (hora estándar de Argentina)
[2021-11-16T22:53:53.033] [INFO] info - User log ignaciokakazu1@gmail.com
[2021-11-16T22:56:48.674] [INFO] info - SERVER UP 8080
[2021-11-16T22:56:54.244] [INFO] info - req.user=> undefined
[2021-11-16T22:56:57.788] [INFO] info - User log ignaciokakazu1@gmail.com
[2021-11-16T22:56:58.121] [INFO] info - User ignaciokakazu1@gmail.com logged in at Tue Nov 16 2021 22:56:58 GMT-0300 (hora estándar de Argentina)
[2021-11-16T22:56:58.316] [INFO] info - User log ignaciokakazu1@gmail.com
[2021-11-16T22:58:32.055] [INFO] info - req.user=> undefined
[2021-11-16T23:00:14.339] [INFO] info - req.user=> undefined
[2021-11-16T23:11:35.216] [INFO] info - SERVER UP 8080
[2021-11-16T23:13:29.631] [INFO] info - SERVER UP 8080
[2021-11-16T23:14:11.760] [INFO] info - req.user=> undefined
[2021-11-16T23:14:12.474] [INFO] info - req.user=> undefined
[2021-11-16T23:14:12.506] [INFO] info - req.user=> undefined
[2021-11-16T23:14:12.507] [INFO] info - req.user=> undefined
[2021-11-16T23:14:12.508] [INFO] info - req.user=> undefined
[2021-11-16T23:14:12.509] [INFO] info - req.user=> undefined
[2021-11-16T23:14:12.510] [INFO] info - req.user=> undefined
[2021-11-16T23:14:12.511] [INFO] info - req.user=> undefined
[2021-11-16T23:14:13.112] [INFO] info - req.user=> undefined
[2021-11-16T23:14:13.131] [INFO] info - req.user=> undefined
[2021-11-16T23:14:13.132] [INFO] info - req.user=> undefined
[2021-11-16T23:14:15.468] [INFO] info - req.user=> undefined
[2021-11-16T23:14:15.556] [INFO] info - req.user=> undefined
[2021-11-16T23:14:15.557] [INFO] info - req.user=> undefined
[2021-11-16T23:14:15.561] [INFO] info - req.user=> undefined
[2021-11-16T23:14:15.564] [INFO] info - req.user=> undefined
[2021-11-16T23:14:21.478] [INFO] info - req.user=> undefined
[2021-11-16T23:14:24.674] [INFO] info - req.user=> undefined
[2021-11-16T23:14:24.675] [INFO] info - req.user=> undefined
[2021-11-16T23:14:24.676] [INFO] info - req.user=> undefined
[2021-11-16T23:14:26.559] [INFO] info - req.user=> undefined
[2021-11-16T23:15:50.767] [INFO] info - SERVER UP 8080
[2021-11-16T23:16:03.001] [INFO] info - req.user=> undefined
[2021-11-16T23:16:03.207] [INFO] info - User log ignaciokakazu1@gmail.com
[2021-11-16T23:16:03.934] [INFO] info - User ignaciokakazu1@gmail.com logged in at Tue Nov 16 2021 23:16:03 GMT-0300 (hora estándar de Argentina)
[2021-11-16T23:16:04.134] [INFO] info - User log ignaciokakazu1@gmail.com
[2021-11-16T23:20:18.305] [INFO] info - req.user=> undefined
[2021-11-16T23:23:29.828] [INFO] info - SERVER UP 8080
[2021-11-16T23:23:40.341] [INFO] info - req.user=> undefined
[2021-11-16T23:29:17.207] [INFO] info - SERVER UP 8080
[2021-11-16T23:29:33.141] [INFO] info - req.user=> undefined
[2021-11-16T23:35:20.679] [INFO] info - SERVER UP 8080
[2021-11-16T23:35:24.355] [INFO] info - req.user=> undefined
[2021-11-17T00:10:26.001] [INFO] info - SERVER UP 8080
[2021-11-17T00:10:30.003] [INFO] info - req.user=> undefined
[2021-11-17T00:10:53.113] [INFO] info - req.user=> undefined
[2021-11-17T00:11:16.733] [INFO] info - SERVER UP 8080
[2021-11-17T00:11:20.456] [INFO] info - req.user=> undefined
[2021-11-17T00:11:25.260] [INFO] info - req.user=> undefined
[2021-11-17T00:12:33.284] [INFO] info - req.user=> undefined
[2021-11-17T00:12:51.448] [INFO] info - req.user=> undefined
[2021-11-17T00:14:43.051] [INFO] info - SERVER UP 8080
[2021-11-17T00:15:04.223] [INFO] info - req.user=> undefined
[2021-11-17T00:21:37.399] [INFO] info - req.user=> undefined
[2021-11-17T00:21:51.538] [INFO] info - SERVER UP 8080
[2021-11-17T00:21:55.106] [INFO] info - req.user=> undefined
[2021-11-17T00:22:02.855] [INFO] info - req.user=> undefined
[2021-11-17T00:22:37.891] [INFO] info - SERVER UP 8080
[2021-11-17T00:22:56.587] [INFO] info - req.user=> undefined
[2021-11-17T00:23:00.780] [INFO] info - req.user=> undefined
[2021-11-17T00:23:17.525] [INFO] info - req.user=> undefined
[2021-11-17T00:23:19.814] [INFO] info - req.user=> undefined
[2021-11-17T00:24:09.070] [INFO] info - SERVER UP 8080
[2021-11-17T00:24:11.418] [INFO] info - req.user=> undefined
[2021-11-17T00:24:16.161] [INFO] info - req.user=> undefined
[2021-11-17T00:24:18.595] [INFO] info - req.user=> undefined
[2021-11-17T00:24:20.917] [INFO] info - req.user=> undefined
[2021-11-17T00:31:53.529] [INFO] info - SERVER UP 8080
[2021-11-17T00:32:06.602] [INFO] info - req.user=> undefined
[2021-11-17T00:32:06.803] [INFO] info - User log ignaciokakazu1@gmail.com
[2021-11-17T00:32:07.134] [INFO] info - User ignaciokakazu1@gmail.com logged in at Wed Nov 17 2021 00:32:07 GMT-0300 (hora estándar de Argentina)
[2021-11-17T00:32:07.321] [INFO] info - User log ignaciokakazu1@gmail.com
[2021-11-17T00:32:22.049] [INFO] info - req.user=> undefined
[2021-11-17T00:33:50.253] [INFO] info - req.user=> undefined
[2021-11-17T00:33:54.593] [INFO] info - req.user=> undefined
[2021-11-17T00:37:10.698] [INFO] info - SERVER UP 8080
[2021-11-17T00:37:11.530] [INFO] info - req.user=> undefined
[2021-11-17T00:37:11.618] [INFO] info - req.user=> undefined
[2021-11-17T00:37:11.624] [INFO] info - req.user=> undefined
[2021-11-17T00:37:11.626] [INFO] info - req.user=> undefined
[2021-11-17T00:37:11.638] [INFO] info - req.user=> undefined
[2021-11-17T00:37:11.640] [INFO] info - req.user=> undefined
[2021-11-17T00:37:11.642] [INFO] info - req.user=> undefined
[2021-11-17T00:37:11.644] [INFO] info - req.user=> undefined
[2021-11-17T00:37:11.897] [INFO] info - req.user=> undefined
[2021-11-17T00:37:11.923] [INFO] info - req.user=> undefined
[2021-11-17T00:37:14.732] [INFO] info - req.user=> undefined
[2021-11-17T00:37:17.074] [INFO] info - req.user=> undefined
[2021-11-17T00:37:17.085] [INFO] info - req.user=> undefined
[2021-11-17T00:37:18.560] [INFO] info - req.user=> undefined
[2021-11-17T00:37:18.568] [INFO] info - req.user=> undefined
[2021-11-17T00:37:18.969] [INFO] info - req.user=> undefined
[2021-11-17T00:37:18.975] [INFO] info - req.user=> undefined
[2021-11-17T00:37:19.200] [INFO] info - req.user=> undefined
[2021-11-17T00:37:19.207] [INFO] info - req.user=> undefined
[2021-11-17T00:38:06.667] [INFO] info - req.user=> undefined
[2021-11-17T00:38:06.674] [INFO] info - req.user=> undefined
[2021-11-17T00:38:07.063] [INFO] info - req.user=> undefined
[2021-11-17T00:38:07.069] [INFO] info - req.user=> undefined
[2021-11-17T00:38:07.567] [INFO] info - req.user=> undefined
[2021-11-17T00:38:07.574] [INFO] info - req.user=> undefined
[2021-11-17T00:38:07.847] [INFO] info - req.user=> undefined
[2021-11-17T00:38:07.855] [INFO] info - req.user=> undefined
[2021-11-17T00:52:47.603] [INFO] info - SERVER UP 8080
[2021-11-17T00:52:50.563] [INFO] info - req.user=> undefined
[2021-11-17T00:52:50.647] [INFO] info - req.user=> undefined
[2021-11-17T00:52:50.653] [INFO] info - req.user=> undefined
[2021-11-17T00:52:50.656] [INFO] info - req.user=> undefined
[2021-11-17T00:52:50.658] [INFO] info - req.user=> undefined
[2021-11-17T00:52:54.711] [INFO] info - req.user=> undefined
[2021-11-17T00:52:54.850] [INFO] info - req.user=> undefined
[2021-11-17T00:52:54.851] [INFO] info - req.user=> undefined
[2021-11-17T00:52:54.872] [INFO] info - req.user=> undefined
[2021-11-17T00:52:54.874] [INFO] info - req.user=> undefined
[2021-11-17T00:53:14.257] [INFO] info - req.user=> undefined
[2021-11-17T00:53:14.463] [INFO] info - User log ignaciokakazu87912@gmail.com
[2021-11-17T00:53:14.465] [INFO] info - Usuario ignaciokakazu87912@gmail.com dado de alta Wed Nov 17 2021 00:53:14 GMT-0300 (hora estándar de Argentina)
[2021-11-17T00:53:14.597] [INFO] info - New user [object Object]
[2021-11-17T00:53:16.748] [INFO] info - req.user=> undefined
[2021-11-17T00:53:16.750] [INFO] info - req.user=> undefined
[2021-11-17T00:53:16.756] [INFO] info - req.user=> undefined
[2021-11-17T00:53:20.362] [INFO] info - req.user=> undefined
[2021-11-17T00:53:20.546] [INFO] info - User log ignaciokakazu87912@gmail.com
[2021-11-17T00:53:20.547] [INFO] info - Error. Usuario existente
[2021-11-17T00:53:30.970] [INFO] info - req.user=> undefined
[2021-11-17T00:53:31.575] [INFO] info - User log ignaciokakazu23@gmail.com
[2021-11-17T00:53:31.576] [INFO] info - Usuario ignaciokakazu23@gmail.com dado de alta Wed Nov 17 2021 00:53:31 GMT-0300 (hora estándar de Argentina)
[2021-11-17T00:53:31.692] [INFO] info - New user [object Object]
[2021-11-17T00:54:49.956] [INFO] info - req.user=> undefined
[2021-11-17T00:54:50.010] [INFO] info - req.user=> undefined
[2021-11-17T00:54:50.011] [INFO] info - req.user=> undefined
[2021-11-17T00:54:50.013] [INFO] info - req.user=> undefined
[2021-11-17T00:54:50.018] [INFO] info - req.user=> undefined
[2021-11-17T00:55:05.890] [INFO] info - req.user=> undefined
[2021-11-17T00:55:06.086] [INFO] info - User log ignaciokakazu9@gmail.com
[2021-11-17T00:55:06.086] [INFO] info - Usuario ignaciokakazu9@gmail.com dado de alta Wed Nov 17 2021 00:55:06 GMT-0300 (hora estándar de Argentina)
[2021-11-17T00:55:06.200] [INFO] info - New user [object Object]
[2021-11-17T00:56:06.021] [INFO] info - SERVER UP 8080
[2021-11-17T00:58:08.516] [INFO] info - SERVER UP 8080
[2021-11-17T00:58:15.800] [INFO] info - req.user=> undefined
[2021-11-17T00:58:16.163] [INFO] info - User log ignaciokakazu10@gmail.com
[2021-11-17T00:58:16.163] [INFO] info - Usuario ignaciokakazu10@gmail.com dado de alta Wed Nov 17 2021 00:58:16 GMT-0300 (hora estándar de Argentina)
[2021-11-17T00:58:16.283] [INFO] info - New user [object Object]
[2021-11-17T01:05:05.165] [INFO] info - SERVER UP 8080
[2021-11-17T01:05:17.620] [INFO] info - req.user=> undefined
[2021-11-17T01:05:17.813] [INFO] info - User log ignaciokakazu11@gmail.com
[2021-11-17T01:05:17.815] [INFO] info - Usuario ignaciokakazu11@gmail.com dado de alta Wed Nov 17 2021 01:05:17 GMT-0300 (hora estándar de Argentina)
[2021-11-17T01:05:17.935] [INFO] info - New user [object Object]
[2021-11-17T01:12:34.271] [INFO] info - SERVER UP 8080
[2021-11-17T01:12:39.788] [INFO] info - req.user=> undefined
[2021-11-17T01:12:39.992] [INFO] info - User log ignaciokakazu13@gmail.com
[2021-11-17T01:12:39.994] [INFO] info - Usuario ignaciokakazu13@gmail.com dado de alta Wed Nov 17 2021 01:12:39 GMT-0300 (hora estándar de Argentina)
[2021-11-17T01:12:40.126] [INFO] info - New user [object Object]
[2021-11-17T08:33:45.121] [INFO] info - SERVER UP 8080
[2021-11-17T08:34:12.068] [INFO] info - req.user=> undefined
[2021-11-17T08:34:12.269] [INFO] info - req.user=> undefined
[2021-11-17T08:34:12.274] [INFO] info - req.user=> undefined
[2021-11-17T08:34:12.279] [INFO] info - req.user=> undefined
[2021-11-17T08:34:12.284] [INFO] info - req.user=> undefined
[2021-11-17T08:34:14.925] [INFO] info - req.user=> undefined
[2021-11-17T08:34:15.162] [INFO] info - req.user=> undefined
[2021-11-17T08:34:20.504] [INFO] info - req.user=> undefined
[2021-11-17T08:34:20.565] [INFO] info - req.user=> undefined
[2021-11-17T08:34:20.567] [INFO] info - req.user=> undefined
[2021-11-17T08:34:20.569] [INFO] info - req.user=> undefined
[2021-11-17T08:34:20.596] [INFO] info - req.user=> undefined
[2021-11-17T08:34:43.520] [INFO] info - req.user=> undefined
[2021-11-17T08:34:43.713] [INFO] info - User log ignaciokakazu25@gmail.com
[2021-11-17T08:34:43.713] [INFO] info - Usuario ignaciokakazu25@gmail.com dado de alta Wed Nov 17 2021 08:34:43 GMT-0300 (hora estándar de Argentina)
[2021-11-17T08:34:43.849] [INFO] info - New user [object Object]
[2021-11-17T08:34:44.148] [INFO] info - req.user=> undefined
[2021-11-17T08:34:44.341] [INFO] info - User log ignaciokakazu25@gmail.com
[2021-11-17T08:34:44.341] [INFO] info - Error. Usuario existente
[2021-11-17T08:34:46.953] [INFO] info - req.user=> undefined
[2021-11-17T08:34:46.954] [INFO] info - req.user=> undefined
[2021-11-17T08:34:46.956] [INFO] info - req.user=> undefined
[2021-11-17T08:34:50.300] [INFO] info - req.user=> undefined
[2021-11-17T08:34:50.484] [INFO] info - User log ignaciokakazu25@gmail.com
[2021-11-17T08:34:50.484] [INFO] info - Error. Usuario existente
[2021-11-17T08:35:00.534] [INFO] info - req.user=> undefined
[2021-11-17T08:35:00.718] [INFO] info - User log ignaciokakazu26@gmail.com
[2021-11-17T08:35:00.719] [INFO] info - Usuario ignaciokakazu26@gmail.com dado de alta Wed Nov 17 2021 08:35:00 GMT-0300 (hora estándar de Argentina)
[2021-11-17T08:35:00.830] [INFO] info - New user [object Object]
[2021-11-17T08:36:32.390] [INFO] info - req.user=> undefined
[2021-11-17T08:36:32.574] [INFO] info - User log ignaciokakazu26@gmail.com
[2021-11-17T08:36:32.574] [INFO] info - Error. Usuario existente
[2021-11-17T08:37:15.231] [INFO] info - SERVER UP 8080
[2021-11-17T08:37:19.414] [INFO] info - req.user=> undefined
[2021-11-17T08:37:19.607] [INFO] info - User log ignaciokakazu30@gmail.com
[2021-11-17T08:37:19.609] [INFO] info - Usuario ignaciokakazu30@gmail.com dado de alta Wed Nov 17 2021 08:37:19 GMT-0300 (hora estándar de Argentina)
[2021-11-17T08:37:19.732] [INFO] info - New user [object Object]
[2021-11-17T09:55:55.867] [INFO] info - SERVER UP 8080
[2021-11-17T09:56:13.020] [INFO] info - req.user=> undefined
[2021-11-17T09:56:13.225] [INFO] info - User log ignaciokakazu1@gmail.com
[2021-11-17T09:56:13.522] [INFO] info - User ignaciokakazu1@gmail.com logged in at Wed Nov 17 2021 09:56:13 GMT-0300 (hora estándar de Argentina)
[2021-11-17T09:56:13.710] [INFO] info - User log ignaciokakazu1@gmail.com
[2021-11-17T09:57:47.112] [INFO] info - req.user=> undefined
[2021-11-17T09:57:52.489] [INFO] info - req.user=> undefined
[2021-11-17T10:00:42.601] [INFO] info - req.user=> undefined
[2021-11-17T10:02:12.929] [INFO] info - req.user=> undefined
[2021-11-17T10:02:58.352] [INFO] info - SERVER UP 8080
[2021-11-17T10:03:16.582] [INFO] info - req.user=> undefined
[2021-11-18T00:40:30.341] [INFO] info - SERVER UP 8080
[2021-11-18T00:40:49.757] [INFO] info - req.user=> undefined
[2021-11-18T00:40:50.342] [INFO] info - req.user=> undefined
[2021-11-18T00:40:50.392] [INFO] info - req.user=> undefined
[2021-11-18T00:40:50.396] [INFO] info - req.user=> undefined
[2021-11-18T00:40:50.407] [INFO] info - req.user=> undefined
[2021-11-18T00:40:50.411] [INFO] info - req.user=> undefined
[2021-11-18T00:40:50.420] [INFO] info - req.user=> undefined
[2021-11-18T00:40:50.423] [INFO] info - req.user=> undefined
[2021-11-18T00:40:51.319] [INFO] info - req.user=> undefined
[2021-11-18T00:40:51.333] [INFO] info - req.user=> undefined
[2021-11-18T00:40:51.334] [INFO] info - req.user=> undefined
[2021-11-18T00:40:51.662] [INFO] info - req.user=> undefined
[2021-11-18T00:40:52.863] [INFO] info - req.user=> undefined
[2021-11-18T00:40:52.994] [INFO] info - req.user=> undefined
[2021-11-18T00:40:52.997] [INFO] info - req.user=> undefined
[2021-11-18T00:40:52.999] [INFO] info - req.user=> undefined
[2021-11-18T00:40:53.021] [INFO] info - req.user=> undefined
[2021-11-18T00:41:02.058] [INFO] info - req.user=> undefined
[2021-11-18T00:41:02.079] [INFO] info - req.user=> undefined
[2021-11-18T00:41:02.253] [INFO] info - User log ignaciokakazu1@gmail.com
[2021-11-18T00:41:02.277] [INFO] info - User log ignaciokakazu1@gmail.com
[2021-11-18T00:41:03.427] [INFO] info - User ignaciokakazu1@gmail.com logged in at Thu Nov 18 2021 00:41:02 GMT-0300 (hora estándar de Argentina)
[2021-11-18T00:41:03.438] [INFO] info - User ignaciokakazu1@gmail.com logged in at Thu Nov 18 2021 00:41:03 GMT-0300 (hora estándar de Argentina)
[2021-11-18T00:41:03.620] [INFO] info - User log ignaciokakazu1@gmail.com
[2021-11-18T00:41:03.658] [INFO] info - User log ignaciokakazu1@gmail.com
[2021-11-18T00:41:09.262] [INFO] info - req.user=> undefined
[2021-11-18T00:41:09.325] [INFO] info - req.user=> undefined
[2021-11-18T00:41:09.327] [INFO] info - req.user=> undefined
[2021-11-18T00:44:42.924] [INFO] info - req.user=> undefined
[2021-11-18T00:44:43.107] [INFO] info - User log ignaciokakazu1@gmail.com
[2021-11-18T00:44:43.409] [INFO] info - User ignaciokakazu1@gmail.com logged in at Thu Nov 18 2021 00:44:43 GMT-0300 (hora estándar de Argentina)
[2021-11-18T00:44:43.595] [INFO] info - User log ignaciokakazu1@gmail.com
[2021-11-18T00:44:53.985] [INFO] info - req.user=> undefined
[2021-11-18T00:44:54.174] [INFO] info - User log ignaciokakazu1@gmail.com
[2021-11-18T00:44:54.491] [INFO] info - User ignaciokakazu1@gmail.com logged in at Thu Nov 18 2021 00:44:54 GMT-0300 (hora estándar de Argentina)
[2021-11-18T00:44:54.680] [INFO] info - User log ignaciokakazu1@gmail.com
[2021-11-18T00:45:03.866] [INFO] info - req.user=> undefined
[2021-11-18T00:45:09.193] [INFO] info - req.user=> undefined
[2021-11-18T00:45:09.260] [INFO] info - req.user=> undefined
[2021-11-18T00:45:09.264] [INFO] info - req.user=> undefined
[2021-11-18T00:45:09.265] [INFO] info - req.user=> undefined
[2021-11-18T00:45:09.266] [INFO] info - req.user=> undefined
[2021-11-18T00:45:09.268] [INFO] info - req.user=> undefined
[2021-11-18T00:45:09.269] [INFO] info - req.user=> undefined
[2021-11-18T00:45:09.276] [INFO] info - req.user=> undefined
[2021-11-18T00:45:09.528] [INFO] info - req.user=> undefined
[2021-11-18T00:45:09.532] [INFO] info - req.user=> undefined
[2021-11-18T00:45:09.784] [INFO] info - req.user=> undefined
[2021-11-18T00:45:11.009] [INFO] info - req.user=> undefined
[2021-11-18T00:45:11.019] [INFO] info - req.user=> undefined
[2021-11-18T00:45:11.599] [INFO] info - req.user=> undefined
[2021-11-18T00:45:11.607] [INFO] info - req.user=> undefined
[2021-11-18T00:45:11.864] [INFO] info - req.user=> undefined
[2021-11-18T00:45:11.876] [INFO] info - req.user=> undefined
[2021-11-18T00:45:12.776] [INFO] info - req.user=> undefined
[2021-11-18T00:45:12.785] [INFO] info - req.user=> undefined
[2021-11-18T00:45:42.843] [INFO] info - req.user=> undefined
[2021-11-18T00:45:42.926] [INFO] info - req.user=> undefined
[2021-11-18T00:45:42.927] [INFO] info - req.user=> undefined
[2021-11-18T00:45:42.939] [INFO] info - req.user=> undefined
[2021-11-18T00:45:42.956] [INFO] info - req.user=> undefined
[2021-11-18T00:46:07.203] [INFO] info - req.user=> undefined
[2021-11-18T00:46:07.389] [INFO] info - User log ignaciok@gmail.com
[2021-11-18T00:46:07.390] [INFO] info - Usuario ignaciok@gmail.com dado de alta Thu Nov 18 2021 00:46:07 GMT-0300 (hora estándar de Argentina)
[2021-11-18T00:46:07.488] [INFO] info - New user [object Object]
[2021-11-18T00:52:05.013] [INFO] info - req.user=> undefined
[2021-11-18T00:58:43.895] [INFO] info - SERVER UP 8080
[2021-11-18T00:58:45.946] [INFO] info - req.user=> undefined
[2021-11-18T00:58:48.460] [INFO] info - User log ignaciokakazu1@gmail.com
[2021-11-18T00:58:48.785] [INFO] info - User ignaciokakazu1@gmail.com logged in at Thu Nov 18 2021 00:58:48 GMT-0300 (hora estándar de Argentina)
[2021-11-18T00:58:48.975] [INFO] info - User log ignaciokakazu1@gmail.com
[2021-11-18T00:59:05.126] [INFO] info - req.user=> undefined
[2021-11-18T01:00:17.187] [INFO] info - req.user=> undefined
[2021-11-18T01:00:32.722] [INFO] info - req.user=> undefined
[2021-11-18T01:01:09.804] [INFO] info - req.user=> undefined
[2021-11-18T01:01:11.752] [INFO] info - req.user=> undefined
[2021-11-18T01:07:20.595] [INFO] info - req.user=> undefined
[2021-11-18T01:07:23.594] [INFO] info - req.user=> undefined
[2021-11-18T01:07:44.432] [INFO] info - req.user=> undefined
[2021-11-18T01:07:59.492] [INFO] info - req.user=> undefined
[2021-11-18T01:07:59.676] [INFO] info - User log ignaciokakazu1@gmail.com
[2021-11-18T01:07:59.991] [INFO] info - User ignaciokakazu1@gmail.com logged in at Thu Nov 18 2021 01:07:59 GMT-0300 (hora estándar de Argentina)
[2021-11-18T01:08:00.179] [INFO] info - User log ignaciokakazu1@gmail.com
[2021-11-18T01:08:21.476] [INFO] info - req.user=> undefined
[2021-11-18T01:08:41.535] [INFO] info - req.user=> undefined
[2021-11-18T01:08:44.905] [INFO] info - req.user=> undefined
[2021-11-18T01:08:46.622] [INFO] info - req.user=> undefined
[2021-11-18T01:09:06.935] [INFO] info - req.user=> undefined
[2021-11-18T01:16:16.150] [INFO] info - SERVER UP 8080
[2021-11-18T01:17:03.460] [INFO] info - req.user=> undefined
[2021-11-18T01:17:03.461] [INFO] info - Error en confirmación de password
[2021-11-18T01:17:58.552] [INFO] info - req.user=> undefined
[2021-11-18T01:17:58.751] [INFO] info - User log ignaciokakazu1@gmail.com
[2021-11-18T01:17:58.751] [INFO] info - Error. Usuario existente
[2021-11-18T01:18:08.576] [INFO] info - req.user=> undefined
[2021-11-18T01:18:08.761] [INFO] info - User log igna1@gmail.com
[2021-11-18T01:18:08.762] [INFO] info - Usuario igna1@gmail.com dado de alta Thu Nov 18 2021 01:18:08 GMT-0300 (hora estándar de Argentina)
[2021-11-18T01:18:08.907] [INFO] info - New user [object Object]
[2021-11-18T01:19:30.722] [INFO] info - SERVER UP 8080
[2021-11-18T01:20:09.777] [INFO] info - req.user=> undefined
[2021-11-18T01:20:09.978] [INFO] info - User log ignac1@gmail.com
[2021-11-18T01:20:09.980] [INFO] info - Usuario ignac1@gmail.com dado de alta Thu Nov 18 2021 01:20:09 GMT-0300 (hora estándar de Argentina)
[2021-11-18T01:20:10.126] [INFO] info - New user [object Object]
[2021-11-18T01:22:04.503] [INFO] info - req.user=> undefined
[2021-11-18T01:22:04.687] [INFO] info - User log ignaciokakazu1@gmail.com
[2021-11-18T01:22:04.988] [INFO] info - User ignaciokakazu1@gmail.com logged in at Thu Nov 18 2021 01:22:04 GMT-0300 (hora estándar de Argentina)
[2021-11-18T01:22:05.175] [INFO] info - User log ignaciokakazu1@gmail.com
[2021-11-18T01:35:57.513] [INFO] info - SERVER UP 8080
[2021-11-18T01:36:02.113] [INFO] info - req.user=> undefined
[2021-11-18T01:36:02.352] [INFO] info - User log ignaciokakazu1@gmail.com
[2021-11-18T01:36:02.667] [INFO] info - User ignaciokakazu1@gmail.com logged in at Thu Nov 18 2021 01:36:02 GMT-0300 (hora estándar de Argentina)
[2021-11-18T01:36:02.858] [INFO] info - User log ignaciokakazu1@gmail.com
[2021-11-18T01:39:51.361] [INFO] info - SERVER UP 8080
[2021-11-18T01:40:10.546] [INFO] info - req.user=> undefined
[2021-11-18T01:40:10.746] [INFO] info - User log ignaciokakazu1@gmail.com
[2021-11-18T01:40:11.079] [INFO] info - User ignaciokakazu1@gmail.com logged in at Thu Nov 18 2021 01:40:11 GMT-0300 (hora estándar de Argentina)
[2021-11-18T01:40:11.282] [INFO] info - User log ignaciokakazu1@gmail.com
[2021-11-18T01:42:11.885] [INFO] info - SERVER UP 8080
[2021-11-18T01:43:24.539] [INFO] info - req.user=> undefined
[2021-11-18T01:43:24.739] [INFO] info - User log ignaciokakazu1@gmail.com
[2021-11-18T01:43:25.074] [INFO] info - User ignaciokakazu1@gmail.com logged in at Thu Nov 18 2021 01:43:25 GMT-0300 (hora estándar de Argentina)
[2021-11-18T01:43:25.261] [INFO] info - User log ignaciokakazu1@gmail.com
[2021-11-18T01:47:29.237] [INFO] info - SERVER UP 8080
[2021-11-18T01:47:32.909] [INFO] info - req.user=> undefined
[2021-11-18T01:47:33.489] [INFO] info - User log ignaciokakazu1@gmail.com
[2021-11-18T01:47:33.820] [INFO] info - User ignaciokakazu1@gmail.com logged in at Thu Nov 18 2021 01:47:33 GMT-0300 (hora estándar de Argentina)
[2021-11-18T01:47:34.014] [INFO] info - User log ignaciokakazu1@gmail.com
[2021-11-18T01:49:07.919] [INFO] info - SERVER UP 8080
[2021-11-18T01:49:49.632] [INFO] info - req.user=> undefined
[2021-11-18T01:49:49.836] [INFO] info - User log ignaciokakazu1@gmail.com
[2021-11-18T01:49:50.158] [INFO] info - User ignaciokakazu1@gmail.com logged in at Thu Nov 18 2021 01:49:50 GMT-0300 (hora estándar de Argentina)
[2021-11-18T01:49:50.353] [INFO] info - User log ignaciokakazu1@gmail.com
[2021-11-18T01:50:05.569] [INFO] info - req.user=> undefined
[2021-11-18T01:50:05.815] [INFO] info - User log ignaciokakazu1@gmail.com
[2021-11-18T01:50:06.125] [INFO] info - User ignaciokakazu1@gmail.com logged in at Thu Nov 18 2021 01:50:06 GMT-0300 (hora estándar de Argentina)
[2021-11-18T01:50:06.314] [INFO] info - User log ignaciokakazu1@gmail.com
[2021-11-18T01:53:41.337] [INFO] info - SERVER UP 8080
[2021-11-18T01:53:43.875] [INFO] info - req.user=> undefined
[2021-11-18T01:53:45.499] [INFO] info - User log ignaciokakazu1@gmail.com
[2021-11-18T01:53:45.796] [INFO] info - User ignaciokakazu1@gmail.com logged in at Thu Nov 18 2021 01:53:45 GMT-0300 (hora estándar de Argentina)
[2021-11-18T01:53:45.982] [INFO] info - User log ignaciokakazu1@gmail.com
[2021-11-18T01:59:58.449] [INFO] info - SERVER UP 8080
[2021-11-18T02:00:02.231] [INFO] info - req.user=> undefined
[2021-11-18T02:00:02.498] [INFO] info - User log ignaciokakazu1@gmail.com
[2021-11-18T02:00:02.823] [INFO] info - User ignaciokakazu1@gmail.com logged in at Thu Nov 18 2021 02:00:02 GMT-0300 (hora estándar de Argentina)
[2021-11-18T02:00:03.014] [INFO] info - User log ignaciokakazu1@gmail.com
[2021-11-18T02:02:06.227] [INFO] info - req.user=> undefined
[2021-11-18T02:03:39.826] [INFO] info - req.user=> undefined
[2021-11-18T02:03:41.538] [INFO] info - req.user=> undefined
[2021-11-18T02:03:42.678] [INFO] info - req.user=> undefined
[2021-11-18T02:04:09.937] [INFO] info - req.user=> undefined
[2021-11-18T02:04:27.034] [INFO] info - SERVER UP 8080
[2021-11-18T02:04:30.515] [INFO] info - req.user=> undefined
[2021-11-18T02:09:12.333] [INFO] info - SERVER UP 8080
[2021-11-18T02:09:16.565] [INFO] info - req.user=> undefined
[2021-11-18T02:11:04.138] [INFO] info - SERVER UP 8080
[2021-11-18T02:11:15.092] [INFO] info - req.user=> undefined
[2021-11-18T02:15:38.396] [INFO] info - req.user=> undefined
[2021-11-18T02:15:38.583] [INFO] info - User log ignaciokakazu1@gmail.com
[2021-11-18T02:15:38.904] [INFO] info - User ignaciokakazu1@gmail.com logged in at Thu Nov 18 2021 02:15:38 GMT-0300 (hora estándar de Argentina)
[2021-11-18T02:15:39.094] [INFO] info - User log ignaciokakazu1@gmail.com
[2021-11-18T02:15:52.507] [INFO] info - req.user=> undefined
[2021-11-18T02:17:43.985] [INFO] info - req.user=> undefined
